{"/Users/sakonthephamongkhol/Desktop/workspace/web development/sec33_Kojira/nontserver/app.js":{"path":"/Users/sakonthephamongkhol/Desktop/workspace/web development/sec33_Kojira/nontserver/app.js","statementMap":{"0":{"start":{"line":1,"column":18},"end":{"line":1,"column":40}},"1":{"start":{"line":2,"column":14},"end":{"line":2,"column":32}},"2":{"start":{"line":3,"column":11},"end":{"line":3,"column":26}},"3":{"start":{"line":4,"column":19},"end":{"line":4,"column":43}},"4":{"start":{"line":5,"column":13},"end":{"line":5,"column":30}},"5":{"start":{"line":6,"column":11},"end":{"line":6,"column":26}},"6":{"start":{"line":8,"column":18},"end":{"line":8,"column":43}},"7":{"start":{"line":9,"column":18},"end":{"line":9,"column":43}},"8":{"start":{"line":12,"column":15},"end":{"line":12,"column":34}},"9":{"start":{"line":16,"column":2},"end":{"line":16,"column":87}},"10":{"start":{"line":17,"column":0},"end":{"line":21,"column":3}},"11":{"start":{"line":24,"column":9},"end":{"line":24,"column":28}},"12":{"start":{"line":27,"column":0},"end":{"line":27,"column":73}},"13":{"start":{"line":29,"column":10},"end":{"line":29,"column":19}},"14":{"start":{"line":32,"column":0},"end":{"line":32,"column":48}},"15":{"start":{"line":33,"column":0},"end":{"line":33,"column":31}},"16":{"start":{"line":35,"column":0},"end":{"line":35,"column":39}},"17":{"start":{"line":36,"column":0},"end":{"line":36,"column":45}},"18":{"start":{"line":37,"column":0},"end":{"line":37,"column":23}},"19":{"start":{"line":38,"column":0},"end":{"line":38,"column":24}},"20":{"start":{"line":39,"column":0},"end":{"line":39,"column":49}},"21":{"start":{"line":40,"column":0},"end":{"line":40,"column":24}},"22":{"start":{"line":41,"column":0},"end":{"line":41,"column":56}},"23":{"start":{"line":42,"column":0},"end":{"line":42,"column":16}},"24":{"start":{"line":44,"column":0},"end":{"line":44,"column":26}},"25":{"start":{"line":45,"column":0},"end":{"line":45,"column":31}},"26":{"start":{"line":48,"column":0},"end":{"line":50,"column":3}},"27":{"start":{"line":49,"column":2},"end":{"line":49,"column":25}},"28":{"start":{"line":53,"column":0},"end":{"line":61,"column":3}},"29":{"start":{"line":55,"column":2},"end":{"line":55,"column":35}},"30":{"start":{"line":56,"column":2},"end":{"line":56,"column":69}},"31":{"start":{"line":59,"column":2},"end":{"line":59,"column":32}},"32":{"start":{"line":60,"column":2},"end":{"line":60,"column":22}},"33":{"start":{"line":63,"column":0},"end":{"line":63,"column":21}}},"fnMap":{"0":{"name":"(anonymous_0)","decl":{"start":{"line":48,"column":8},"end":{"line":48,"column":9}},"loc":{"start":{"line":48,"column":34},"end":{"line":50,"column":1}},"line":48},"1":{"name":"(anonymous_1)","decl":{"start":{"line":53,"column":8},"end":{"line":53,"column":9}},"loc":{"start":{"line":53,"column":39},"end":{"line":61,"column":1}},"line":53}},"branchMap":{"0":{"loc":{"start":{"line":56,"column":21},"end":{"line":56,"column":68}},"type":"cond-expr","locations":[{"start":{"line":56,"column":60},"end":{"line":56,"column":63}},{"start":{"line":56,"column":66},"end":{"line":56,"column":68}}],"line":56},"1":{"loc":{"start":{"line":59,"column":13},"end":{"line":59,"column":30}},"type":"binary-expr","locations":[{"start":{"line":59,"column":13},"end":{"line":59,"column":23}},{"start":{"line":59,"column":27},"end":{"line":59,"column":30}}],"line":59}},"s":{"0":1,"1":1,"2":1,"3":1,"4":1,"5":1,"6":1,"7":1,"8":1,"9":1,"10":1,"11":1,"12":1,"13":1,"14":1,"15":1,"16":1,"17":1,"18":1,"19":1,"20":1,"21":1,"22":1,"23":1,"24":1,"25":1,"26":1,"27":0,"28":1,"29":0,"30":0,"31":0,"32":0,"33":1},"f":{"0":0,"1":0},"b":{"0":[0,0],"1":[0,0]},"_coverageSchema":"1a1c01bbd47fc00a2c39e90264f33305004495a9","hash":"86c37f47a3ba67500c648f355ee6e81bded0add1","contentHash":"51b0cc33f9c02d818ad4e9188492c3e553f1d5eb55205b506c2caf32968fffc0"},"/Users/sakonthephamongkhol/Desktop/workspace/web development/sec33_Kojira/nontserver/routes/index.js":{"path":"/Users/sakonthephamongkhol/Desktop/workspace/web development/sec33_Kojira/nontserver/routes/index.js","statementMap":{"0":{"start":{"line":3,"column":16},"end":{"line":3,"column":34}},"1":{"start":{"line":4,"column":15},"end":{"line":4,"column":31}},"2":{"start":{"line":6,"column":19},"end":{"line":6,"column":42}},"3":{"start":{"line":7,"column":20},"end":{"line":7,"column":44}},"4":{"start":{"line":8,"column":13},"end":{"line":8,"column":30}},"5":{"start":{"line":9,"column":16},"end":{"line":9,"column":37}},"6":{"start":{"line":10,"column":13},"end":{"line":10,"column":30}},"7":{"start":{"line":11,"column":16},"end":{"line":11,"column":36}},"8":{"start":{"line":12,"column":20},"end":{"line":12,"column":44}},"9":{"start":{"line":13,"column":15},"end":{"line":13,"column":34}},"10":{"start":{"line":14,"column":14},"end":{"line":14,"column":32}},"11":{"start":{"line":17,"column":0},"end":{"line":19,"column":3}},"12":{"start":{"line":18,"column":2},"end":{"line":18,"column":44}},"13":{"start":{"line":21,"column":0},"end":{"line":21,"column":38}},"14":{"start":{"line":22,"column":0},"end":{"line":22,"column":40}},"15":{"start":{"line":23,"column":0},"end":{"line":23,"column":26}},"16":{"start":{"line":24,"column":0},"end":{"line":24,"column":32}},"17":{"start":{"line":25,"column":0},"end":{"line":25,"column":26}},"18":{"start":{"line":26,"column":0},"end":{"line":26,"column":32}},"19":{"start":{"line":27,"column":0},"end":{"line":27,"column":40}},"20":{"start":{"line":28,"column":0},"end":{"line":28,"column":30}},"21":{"start":{"line":29,"column":0},"end":{"line":29,"column":28}},"22":{"start":{"line":31,"column":0},"end":{"line":31,"column":24}}},"fnMap":{"0":{"name":"(anonymous_0)","decl":{"start":{"line":17,"column":16},"end":{"line":17,"column":17}},"loc":{"start":{"line":17,"column":42},"end":{"line":19,"column":1}},"line":17}},"branchMap":{},"s":{"0":1,"1":1,"2":1,"3":1,"4":1,"5":1,"6":1,"7":1,"8":1,"9":1,"10":1,"11":1,"12":0,"13":1,"14":1,"15":1,"16":1,"17":1,"18":1,"19":1,"20":1,"21":1,"22":1},"f":{"0":0},"b":{},"_coverageSchema":"1a1c01bbd47fc00a2c39e90264f33305004495a9","hash":"d5c893e996cb56f5e5577616666c1004e9dd81c7","contentHash":"b7137e881e9cbb92ea37e83728b56dd2d24bd9b584c293708dc418ca335efd04"},"/Users/sakonthephamongkhol/Desktop/workspace/web development/sec33_Kojira/nontserver/routes/nontOwners.js":{"path":"/Users/sakonthephamongkhol/Desktop/workspace/web development/sec33_Kojira/nontserver/routes/nontOwners.js","statementMap":{"0":{"start":{"line":3,"column":16},"end":{"line":3,"column":34}},"1":{"start":{"line":4,"column":15},"end":{"line":4,"column":31}},"2":{"start":{"line":5,"column":19},"end":{"line":5,"column":64}},"3":{"start":{"line":6,"column":20},"end":{"line":6,"column":52}},"4":{"start":{"line":7,"column":13},"end":{"line":7,"column":28}},"5":{"start":{"line":9,"column":0},"end":{"line":13,"column":35}},"6":{"start":{"line":15,"column":0},"end":{"line":17,"column":30}},"7":{"start":{"line":19,"column":0},"end":{"line":21,"column":36}},"8":{"start":{"line":23,"column":0},"end":{"line":25,"column":35}},"9":{"start":{"line":27,"column":0},"end":{"line":27,"column":65}},"10":{"start":{"line":29,"column":0},"end":{"line":31,"column":40}},"11":{"start":{"line":33,"column":0},"end":{"line":35,"column":29}},"12":{"start":{"line":37,"column":0},"end":{"line":37,"column":24}}},"fnMap":{},"branchMap":{},"s":{"0":1,"1":1,"2":1,"3":1,"4":1,"5":1,"6":1,"7":1,"8":1,"9":1,"10":1,"11":1,"12":1},"f":{},"b":{},"_coverageSchema":"1a1c01bbd47fc00a2c39e90264f33305004495a9","hash":"172b0f8438ed2d4547f6fd9fef9bcbad629cff5a","contentHash":"66b2983d8a83deda393e201dc6efb4cf19cba783ced97138f00307444d015f98"},"/Users/sakonthephamongkhol/Desktop/workspace/web development/sec33_Kojira/nontserver/Controllers/NontOwnerController.js":{"path":"/Users/sakonthephamongkhol/Desktop/workspace/web development/sec33_Kojira/nontserver/Controllers/NontOwnerController.js","statementMap":{"0":{"start":{"line":2,"column":28},"end":{"line":2,"column":60}},"1":{"start":{"line":6,"column":4},"end":{"line":6,"column":12}},"2":{"start":{"line":7,"column":4},"end":{"line":7,"column":56}},"3":{"start":{"line":8,"column":4},"end":{"line":8,"column":38}},"4":{"start":{"line":9,"column":4},"end":{"line":21,"column":6}},"5":{"start":{"line":22,"column":4},"end":{"line":22,"column":50}},"6":{"start":{"line":23,"column":4},"end":{"line":35,"column":6}},"7":{"start":{"line":36,"column":4},"end":{"line":36,"column":62}},"8":{"start":{"line":40,"column":18},"end":{"line":47,"column":3}},"9":{"start":{"line":41,"column":4},"end":{"line":46,"column":5}},"10":{"start":{"line":42,"column":32},"end":{"line":42,"column":59}},"11":{"start":{"line":43,"column":6},"end":{"line":43,"column":41}},"12":{"start":{"line":45,"column":6},"end":{"line":45,"column":72}},"13":{"start":{"line":50,"column":15},"end":{"line":58,"column":3}},"14":{"start":{"line":51,"column":4},"end":{"line":57,"column":5}},"15":{"start":{"line":52,"column":31},"end":{"line":52,"column":75}},"16":{"start":{"line":53,"column":6},"end":{"line":53,"column":75}},"17":{"start":{"line":53,"column":29},"end":{"line":53,"column":75}},"18":{"start":{"line":54,"column":6},"end":{"line":54,"column":67}},"19":{"start":{"line":56,"column":6},"end":{"line":56,"column":72}},"20":{"start":{"line":61,"column":11},"end":{"line":96,"column":3}},"21":{"start":{"line":62,"column":29},"end":{"line":62,"column":62}},"22":{"start":{"line":63,"column":4},"end":{"line":65,"column":5}},"23":{"start":{"line":64,"column":6},"end":{"line":64,"column":77}},"24":{"start":{"line":67,"column":4},"end":{"line":79,"column":5}},"25":{"start":{"line":68,"column":30},"end":{"line":70,"column":8}},"26":{"start":{"line":71,"column":6},"end":{"line":71,"column":80}},"27":{"start":{"line":71,"column":27},"end":{"line":71,"column":80}},"28":{"start":{"line":72,"column":29},"end":{"line":74,"column":8}},"29":{"start":{"line":75,"column":6},"end":{"line":76,"column":64}},"30":{"start":{"line":76,"column":8},"end":{"line":76,"column":64}},"31":{"start":{"line":78,"column":6},"end":{"line":78,"column":80}},"32":{"start":{"line":81,"column":4},"end":{"line":95,"column":5}},"33":{"start":{"line":82,"column":29},"end":{"line":85,"column":7}},"34":{"start":{"line":86,"column":22},"end":{"line":86,"column":63}},"35":{"start":{"line":87,"column":6},"end":{"line":92,"column":7}},"36":{"start":{"line":88,"column":8},"end":{"line":88,"column":45}},"37":{"start":{"line":89,"column":8},"end":{"line":89,"column":65}},"38":{"start":{"line":91,"column":8},"end":{"line":91,"column":20}},"39":{"start":{"line":94,"column":6},"end":{"line":94,"column":71}},"40":{"start":{"line":99,"column":18},"end":{"line":138,"column":3}},"41":{"start":{"line":100,"column":4},"end":{"line":137,"column":5}},"42":{"start":{"line":101,"column":19},"end":{"line":101,"column":27}},"43":{"start":{"line":102,"column":6},"end":{"line":102,"column":65}},"44":{"start":{"line":102,"column":21},"end":{"line":102,"column":65}},"45":{"start":{"line":103,"column":31},"end":{"line":105,"column":7}},"46":{"start":{"line":106,"column":6},"end":{"line":108,"column":7}},"47":{"start":{"line":107,"column":8},"end":{"line":107,"column":79}},"48":{"start":{"line":109,"column":6},"end":{"line":115,"column":7}},"49":{"start":{"line":110,"column":32},"end":{"line":112,"column":10}},"50":{"start":{"line":113,"column":8},"end":{"line":114,"column":63}},"51":{"start":{"line":114,"column":10},"end":{"line":114,"column":63}},"52":{"start":{"line":116,"column":6},"end":{"line":122,"column":7}},"53":{"start":{"line":117,"column":31},"end":{"line":119,"column":10}},"54":{"start":{"line":120,"column":8},"end":{"line":121,"column":66}},"55":{"start":{"line":121,"column":10},"end":{"line":121,"column":66}},"56":{"start":{"line":123,"column":6},"end":{"line":129,"column":7}},"57":{"start":{"line":124,"column":31},"end":{"line":127,"column":9}},"58":{"start":{"line":128,"column":8},"end":{"line":128,"column":39}},"59":{"start":{"line":130,"column":21},"end":{"line":132,"column":8}},"60":{"start":{"line":133,"column":6},"end":{"line":133,"column":65}},"61":{"start":{"line":133,"column":19},"end":{"line":133,"column":65}},"62":{"start":{"line":134,"column":6},"end":{"line":134,"column":56}},"63":{"start":{"line":136,"column":6},"end":{"line":136,"column":72}},"64":{"start":{"line":141,"column":20},"end":{"line":155,"column":3}},"65":{"start":{"line":142,"column":24},"end":{"line":142,"column":59}},"66":{"start":{"line":143,"column":27},"end":{"line":143,"column":55}},"67":{"start":{"line":144,"column":19},"end":{"line":144,"column":52}},"68":{"start":{"line":145,"column":4},"end":{"line":145,"column":71}},"69":{"start":{"line":145,"column":22},"end":{"line":145,"column":71}},"70":{"start":{"line":146,"column":4},"end":{"line":154,"column":5}},"71":{"start":{"line":147,"column":30},"end":{"line":149,"column":8}},"72":{"start":{"line":150,"column":6},"end":{"line":151,"column":45}},"73":{"start":{"line":150,"column":27},"end":{"line":150,"column":75}},"74":{"start":{"line":151,"column":11},"end":{"line":151,"column":45}},"75":{"start":{"line":153,"column":6},"end":{"line":153,"column":80}},"76":{"start":{"line":158,"column":19},"end":{"line":172,"column":3}},"77":{"start":{"line":159,"column":23},"end":{"line":159,"column":57}},"78":{"start":{"line":160,"column":26},"end":{"line":160,"column":53}},"79":{"start":{"line":161,"column":19},"end":{"line":161,"column":51}},"80":{"start":{"line":162,"column":4},"end":{"line":162,"column":71}},"81":{"start":{"line":162,"column":22},"end":{"line":162,"column":71}},"82":{"start":{"line":163,"column":4},"end":{"line":171,"column":5}},"83":{"start":{"line":164,"column":29},"end":{"line":166,"column":8}},"84":{"start":{"line":167,"column":6},"end":{"line":168,"column":45}},"85":{"start":{"line":167,"column":26},"end":{"line":167,"column":74}},"86":{"start":{"line":168,"column":11},"end":{"line":168,"column":45}},"87":{"start":{"line":170,"column":6},"end":{"line":170,"column":80}},"88":{"start":{"line":175,"column":10},"end":{"line":176,"column":56}},"89":{"start":{"line":176,"column":4},"end":{"line":176,"column":56}},"90":{"start":{"line":179,"column":25},"end":{"line":191,"column":3}},"91":{"start":{"line":180,"column":4},"end":{"line":190,"column":5}},"92":{"start":{"line":181,"column":23},"end":{"line":181,"column":45}},"93":{"start":{"line":182,"column":22},"end":{"line":182,"column":30}},"94":{"start":{"line":183,"column":31},"end":{"line":186,"column":7}},"95":{"start":{"line":187,"column":6},"end":{"line":187,"column":31}},"96":{"start":{"line":189,"column":6},"end":{"line":189,"column":77}},"97":{"start":{"line":198,"column":11},"end":{"line":207,"column":3}},"98":{"start":{"line":199,"column":4},"end":{"line":206,"column":5}},"99":{"start":{"line":201,"column":23},"end":{"line":201,"column":75}},"100":{"start":{"line":202,"column":22},"end":{"line":202,"column":62}},"101":{"start":{"line":203,"column":6},"end":{"line":203,"column":31}},"102":{"start":{"line":205,"column":6},"end":{"line":205,"column":61}},"103":{"start":{"line":210,"column":0},"end":{"line":210,"column":43}}},"fnMap":{"0":{"name":"(anonymous_0)","decl":{"start":{"line":5,"column":2},"end":{"line":5,"column":3}},"loc":{"start":{"line":5,"column":16},"end":{"line":37,"column":3}},"line":5},"1":{"name":"(anonymous_1)","decl":{"start":{"line":40,"column":18},"end":{"line":40,"column":19}},"loc":{"start":{"line":40,"column":38},"end":{"line":47,"column":3}},"line":40},"2":{"name":"(anonymous_2)","decl":{"start":{"line":50,"column":15},"end":{"line":50,"column":16}},"loc":{"start":{"line":50,"column":35},"end":{"line":58,"column":3}},"line":50},"3":{"name":"(anonymous_3)","decl":{"start":{"line":61,"column":11},"end":{"line":61,"column":12}},"loc":{"start":{"line":61,"column":31},"end":{"line":96,"column":3}},"line":61},"4":{"name":"(anonymous_4)","decl":{"start":{"line":99,"column":18},"end":{"line":99,"column":19}},"loc":{"start":{"line":99,"column":38},"end":{"line":138,"column":3}},"line":99},"5":{"name":"(anonymous_5)","decl":{"start":{"line":141,"column":20},"end":{"line":141,"column":21}},"loc":{"start":{"line":141,"column":40},"end":{"line":155,"column":3}},"line":141},"6":{"name":"(anonymous_6)","decl":{"start":{"line":158,"column":19},"end":{"line":158,"column":20}},"loc":{"start":{"line":158,"column":39},"end":{"line":172,"column":3}},"line":158},"7":{"name":"(anonymous_7)","decl":{"start":{"line":175,"column":10},"end":{"line":175,"column":11}},"loc":{"start":{"line":176,"column":4},"end":{"line":176,"column":56}},"line":176},"8":{"name":"(anonymous_8)","decl":{"start":{"line":179,"column":25},"end":{"line":179,"column":26}},"loc":{"start":{"line":179,"column":45},"end":{"line":191,"column":3}},"line":179},"9":{"name":"(anonymous_9)","decl":{"start":{"line":198,"column":11},"end":{"line":198,"column":12}},"loc":{"start":{"line":198,"column":31},"end":{"line":207,"column":3}},"line":198}},"branchMap":{"0":{"loc":{"start":{"line":53,"column":6},"end":{"line":53,"column":75}},"type":"if","locations":[{"start":{"line":53,"column":6},"end":{"line":53,"column":75}},{"start":{"line":53,"column":6},"end":{"line":53,"column":75}}],"line":53},"1":{"loc":{"start":{"line":63,"column":4},"end":{"line":65,"column":5}},"type":"if","locations":[{"start":{"line":63,"column":4},"end":{"line":65,"column":5}},{"start":{"line":63,"column":4},"end":{"line":65,"column":5}}],"line":63},"2":{"loc":{"start":{"line":71,"column":6},"end":{"line":71,"column":80}},"type":"if","locations":[{"start":{"line":71,"column":6},"end":{"line":71,"column":80}},{"start":{"line":71,"column":6},"end":{"line":71,"column":80}}],"line":71},"3":{"loc":{"start":{"line":75,"column":6},"end":{"line":76,"column":64}},"type":"if","locations":[{"start":{"line":75,"column":6},"end":{"line":76,"column":64}},{"start":{"line":75,"column":6},"end":{"line":76,"column":64}}],"line":75},"4":{"loc":{"start":{"line":102,"column":6},"end":{"line":102,"column":65}},"type":"if","locations":[{"start":{"line":102,"column":6},"end":{"line":102,"column":65}},{"start":{"line":102,"column":6},"end":{"line":102,"column":65}}],"line":102},"5":{"loc":{"start":{"line":106,"column":6},"end":{"line":108,"column":7}},"type":"if","locations":[{"start":{"line":106,"column":6},"end":{"line":108,"column":7}},{"start":{"line":106,"column":6},"end":{"line":108,"column":7}}],"line":106},"6":{"loc":{"start":{"line":109,"column":6},"end":{"line":115,"column":7}},"type":"if","locations":[{"start":{"line":109,"column":6},"end":{"line":115,"column":7}},{"start":{"line":109,"column":6},"end":{"line":115,"column":7}}],"line":109},"7":{"loc":{"start":{"line":113,"column":8},"end":{"line":114,"column":63}},"type":"if","locations":[{"start":{"line":113,"column":8},"end":{"line":114,"column":63}},{"start":{"line":113,"column":8},"end":{"line":114,"column":63}}],"line":113},"8":{"loc":{"start":{"line":116,"column":6},"end":{"line":122,"column":7}},"type":"if","locations":[{"start":{"line":116,"column":6},"end":{"line":122,"column":7}},{"start":{"line":116,"column":6},"end":{"line":122,"column":7}}],"line":116},"9":{"loc":{"start":{"line":120,"column":8},"end":{"line":121,"column":66}},"type":"if","locations":[{"start":{"line":120,"column":8},"end":{"line":121,"column":66}},{"start":{"line":120,"column":8},"end":{"line":121,"column":66}}],"line":120},"10":{"loc":{"start":{"line":123,"column":6},"end":{"line":129,"column":7}},"type":"if","locations":[{"start":{"line":123,"column":6},"end":{"line":129,"column":7}},{"start":{"line":123,"column":6},"end":{"line":129,"column":7}}],"line":123},"11":{"loc":{"start":{"line":133,"column":6},"end":{"line":133,"column":65}},"type":"if","locations":[{"start":{"line":133,"column":6},"end":{"line":133,"column":65}},{"start":{"line":133,"column":6},"end":{"line":133,"column":65}}],"line":133},"12":{"loc":{"start":{"line":145,"column":4},"end":{"line":145,"column":71}},"type":"if","locations":[{"start":{"line":145,"column":4},"end":{"line":145,"column":71}},{"start":{"line":145,"column":4},"end":{"line":145,"column":71}}],"line":145},"13":{"loc":{"start":{"line":150,"column":6},"end":{"line":151,"column":45}},"type":"if","locations":[{"start":{"line":150,"column":6},"end":{"line":151,"column":45}},{"start":{"line":150,"column":6},"end":{"line":151,"column":45}}],"line":150},"14":{"loc":{"start":{"line":162,"column":4},"end":{"line":162,"column":71}},"type":"if","locations":[{"start":{"line":162,"column":4},"end":{"line":162,"column":71}},{"start":{"line":162,"column":4},"end":{"line":162,"column":71}}],"line":162},"15":{"loc":{"start":{"line":167,"column":6},"end":{"line":168,"column":45}},"type":"if","locations":[{"start":{"line":167,"column":6},"end":{"line":168,"column":45}},{"start":{"line":167,"column":6},"end":{"line":168,"column":45}}],"line":167}},"s":{"0":1,"1":1,"2":1,"3":1,"4":1,"5":1,"6":1,"7":1,"8":1,"9":0,"10":0,"11":0,"12":0,"13":1,"14":0,"15":0,"16":0,"17":0,"18":0,"19":0,"20":1,"21":3,"22":3,"23":1,"24":2,"25":2,"26":2,"27":1,"28":1,"29":1,"30":0,"31":0,"32":1,"33":1,"34":1,"35":1,"36":1,"37":1,"38":0,"39":0,"40":1,"41":0,"42":0,"43":0,"44":0,"45":0,"46":0,"47":0,"48":0,"49":0,"50":0,"51":0,"52":0,"53":0,"54":0,"55":0,"56":0,"57":0,"58":0,"59":0,"60":0,"61":0,"62":0,"63":0,"64":1,"65":0,"66":0,"67":0,"68":0,"69":0,"70":0,"71":0,"72":0,"73":0,"74":0,"75":0,"76":1,"77":0,"78":0,"79":0,"80":0,"81":0,"82":0,"83":0,"84":0,"85":0,"86":0,"87":0,"88":1,"89":4,"90":1,"91":0,"92":0,"93":0,"94":0,"95":0,"96":0,"97":1,"98":0,"99":0,"100":0,"101":0,"102":0,"103":1},"f":{"0":1,"1":0,"2":0,"3":3,"4":0,"5":0,"6":0,"7":4,"8":0,"9":0},"b":{"0":[0,0],"1":[1,2],"2":[1,1],"3":[0,1],"4":[0,0],"5":[0,0],"6":[0,0],"7":[0,0],"8":[0,0],"9":[0,0],"10":[0,0],"11":[0,0],"12":[0,0],"13":[0,0],"14":[0,0],"15":[0,0]},"_coverageSchema":"1a1c01bbd47fc00a2c39e90264f33305004495a9","hash":"1abbc9462070462424f43de6d0afc96bdd60c3e8","contentHash":"9da07f9e678154e859ccacac47e02810a2ce2dfa113a1ea5e7cf61f25ea19538"},"/Users/sakonthephamongkhol/Desktop/workspace/web development/sec33_Kojira/nontserver/Controllers/InterfaceController.js":{"path":"/Users/sakonthephamongkhol/Desktop/workspace/web development/sec33_Kojira/nontserver/Controllers/InterfaceController.js","statementMap":{"0":{"start":{"line":3,"column":8},"end":{"line":3,"column":44}},"1":{"start":{"line":4,"column":8},"end":{"line":4,"column":34}},"2":{"start":{"line":5,"column":8},"end":{"line":5,"column":41}},"3":{"start":{"line":6,"column":8},"end":{"line":6,"column":35}},"4":{"start":{"line":7,"column":8},"end":{"line":7,"column":42}},"5":{"start":{"line":8,"column":8},"end":{"line":8,"column":40}},"6":{"start":{"line":10,"column":8},"end":{"line":10,"column":46}},"7":{"start":{"line":11,"column":8},"end":{"line":11,"column":60}},"8":{"start":{"line":12,"column":8},"end":{"line":12,"column":56}},"9":{"start":{"line":13,"column":8},"end":{"line":13,"column":58}},"10":{"start":{"line":14,"column":8},"end":{"line":14,"column":53}},"11":{"start":{"line":15,"column":8},"end":{"line":15,"column":46}},"12":{"start":{"line":16,"column":8},"end":{"line":16,"column":50}},"13":{"start":{"line":18,"column":8},"end":{"line":18,"column":59}},"14":{"start":{"line":21,"column":13},"end":{"line":21,"column":34}},"15":{"start":{"line":22,"column":13},"end":{"line":22,"column":34}},"16":{"start":{"line":26,"column":0},"end":{"line":26,"column":37}}},"fnMap":{"0":{"name":"(anonymous_0)","decl":{"start":{"line":2,"column":4},"end":{"line":2,"column":5}},"loc":{"start":{"line":2,"column":18},"end":{"line":19,"column":5}},"line":2},"1":{"name":"(anonymous_1)","decl":{"start":{"line":21,"column":13},"end":{"line":21,"column":14}},"loc":{"start":{"line":21,"column":32},"end":{"line":21,"column":34}},"line":21},"2":{"name":"(anonymous_2)","decl":{"start":{"line":22,"column":13},"end":{"line":22,"column":14}},"loc":{"start":{"line":22,"column":32},"end":{"line":22,"column":34}},"line":22}},"branchMap":{},"s":{"0":7,"1":7,"2":7,"3":7,"4":7,"5":7,"6":7,"7":7,"8":7,"9":7,"10":7,"11":7,"12":7,"13":7,"14":7,"15":7,"16":1},"f":{"0":7,"1":0,"2":0},"b":{},"_coverageSchema":"1a1c01bbd47fc00a2c39e90264f33305004495a9","hash":"1dd5b1caaddcea1147e854b8906a7ced30acd37f","contentHash":"6974e0c0e63d51a1084a1dccbff388b780efd0ee91ab8e721fe05800da0b9867"},"/Users/sakonthephamongkhol/Desktop/workspace/web development/sec33_Kojira/nontserver/Models/Nont.js":{"path":"/Users/sakonthephamongkhol/Desktop/workspace/web development/sec33_Kojira/nontserver/Models/Nont.js","statementMap":{"0":{"start":{"line":3,"column":18},"end":{"line":3,"column":51}},"1":{"start":{"line":4,"column":17},"end":{"line":4,"column":36}},"2":{"start":{"line":5,"column":15},"end":{"line":5,"column":30}},"3":{"start":{"line":6,"column":17},"end":{"line":6,"column":47}},"4":{"start":{"line":8,"column":15},"end":{"line":18,"column":2}},"5":{"start":{"line":21,"column":0},"end":{"line":30,"column":3}},"6":{"start":{"line":25,"column":23},"end":{"line":25,"column":119}},"7":{"start":{"line":27,"column":4},"end":{"line":29,"column":7}},"8":{"start":{"line":28,"column":8},"end":{"line":28,"column":70}},"9":{"start":{"line":34,"column":13},"end":{"line":34,"column":43}},"10":{"start":{"line":36,"column":0},"end":{"line":36,"column":22}}},"fnMap":{"0":{"name":"(anonymous_0)","decl":{"start":{"line":21,"column":58},"end":{"line":21,"column":59}},"loc":{"start":{"line":21,"column":76},"end":{"line":30,"column":1}},"line":21},"1":{"name":"(anonymous_1)","decl":{"start":{"line":27,"column":24},"end":{"line":27,"column":25}},"loc":{"start":{"line":27,"column":43},"end":{"line":29,"column":5}},"line":27}},"branchMap":{},"s":{"0":1,"1":1,"2":1,"3":1,"4":1,"5":1,"6":0,"7":0,"8":0,"9":1,"10":1},"f":{"0":0,"1":0},"b":{},"_coverageSchema":"1a1c01bbd47fc00a2c39e90264f33305004495a9","hash":"e388aaa2c8e4e3291329b201a96d1ca9c822429b","contentHash":"c9d3b95578087452d57c9c76c429431a719940d19807cb7889948485d7354256"},"/Users/sakonthephamongkhol/Desktop/workspace/web development/sec33_Kojira/nontserver/Constants/nontTypes.js":{"path":"/Users/sakonthephamongkhol/Desktop/workspace/web development/sec33_Kojira/nontserver/Constants/nontTypes.js","statementMap":{"0":{"start":{"line":2,"column":18},"end":{"line":10,"column":1}},"1":{"start":{"line":12,"column":0},"end":{"line":12,"column":27}}},"fnMap":{},"branchMap":{},"s":{"0":1,"1":1},"f":{},"b":{},"_coverageSchema":"1a1c01bbd47fc00a2c39e90264f33305004495a9","hash":"a08363f43ab9786b81a15af9497ab5e561c447f5","contentHash":"a60f1a68b4101a4e78280d69e5e18559994253e4fe831eca822ff4c475956511"},"/Users/sakonthephamongkhol/Desktop/workspace/web development/sec33_Kojira/nontserver/Models/Reservation.js":{"path":"/Users/sakonthephamongkhol/Desktop/workspace/web development/sec33_Kojira/nontserver/Models/Reservation.js","statementMap":{"0":{"start":{"line":3,"column":17},"end":{"line":3,"column":36}},"1":{"start":{"line":4,"column":13},"end":{"line":4,"column":30}},"2":{"start":{"line":5,"column":18},"end":{"line":5,"column":40}},"3":{"start":{"line":6,"column":19},"end":{"line":6,"column":42}},"4":{"start":{"line":7,"column":14},"end":{"line":7,"column":31}},"5":{"start":{"line":8,"column":17},"end":{"line":8,"column":38}},"6":{"start":{"line":9,"column":15},"end":{"line":9,"column":30}},"7":{"start":{"line":10,"column":17},"end":{"line":10,"column":47}},"8":{"start":{"line":13,"column":15},"end":{"line":33,"column":2}},"9":{"start":{"line":36,"column":0},"end":{"line":45,"column":3}},"10":{"start":{"line":40,"column":22},"end":{"line":40,"column":95}},"11":{"start":{"line":42,"column":4},"end":{"line":44,"column":7}},"12":{"start":{"line":43,"column":8},"end":{"line":43,"column":65}},"13":{"start":{"line":47,"column":20},"end":{"line":47,"column":57}},"14":{"start":{"line":49,"column":0},"end":{"line":49,"column":29}}},"fnMap":{"0":{"name":"(anonymous_0)","decl":{"start":{"line":36,"column":58},"end":{"line":36,"column":59}},"loc":{"start":{"line":36,"column":76},"end":{"line":45,"column":1}},"line":36},"1":{"name":"(anonymous_1)","decl":{"start":{"line":42,"column":23},"end":{"line":42,"column":24}},"loc":{"start":{"line":42,"column":42},"end":{"line":44,"column":5}},"line":42}},"branchMap":{},"s":{"0":1,"1":1,"2":1,"3":1,"4":1,"5":1,"6":1,"7":1,"8":1,"9":1,"10":0,"11":0,"12":0,"13":1,"14":1},"f":{"0":0,"1":0},"b":{},"_coverageSchema":"1a1c01bbd47fc00a2c39e90264f33305004495a9","hash":"001e4fa1e09395bfb244bfecf9f496bf3d76933f","contentHash":"1d5459dc26fd1a1b67bde88df1f42fe15dd3b7424782aec0d22da4a73796bd52"},"/Users/sakonthephamongkhol/Desktop/workspace/web development/sec33_Kojira/nontserver/Models/NontOwner.js":{"path":"/Users/sakonthephamongkhol/Desktop/workspace/web development/sec33_Kojira/nontserver/Models/NontOwner.js","statementMap":{"0":{"start":{"line":3,"column":17},"end":{"line":3,"column":36}},"1":{"start":{"line":4,"column":15},"end":{"line":4,"column":30}},"2":{"start":{"line":5,"column":17},"end":{"line":5,"column":47}},"3":{"start":{"line":7,"column":15},"end":{"line":19,"column":1}},"4":{"start":{"line":22,"column":0},"end":{"line":31,"column":3}},"5":{"start":{"line":26,"column":18},"end":{"line":26,"column":91}},"6":{"start":{"line":28,"column":2},"end":{"line":30,"column":5}},"7":{"start":{"line":29,"column":6},"end":{"line":29,"column":61}},"8":{"start":{"line":33,"column":18},"end":{"line":33,"column":54}},"9":{"start":{"line":35,"column":0},"end":{"line":35,"column":27}}},"fnMap":{"0":{"name":"(anonymous_0)","decl":{"start":{"line":22,"column":58},"end":{"line":22,"column":59}},"loc":{"start":{"line":22,"column":76},"end":{"line":31,"column":1}},"line":22},"1":{"name":"(anonymous_1)","decl":{"start":{"line":28,"column":19},"end":{"line":28,"column":20}},"loc":{"start":{"line":28,"column":38},"end":{"line":30,"column":3}},"line":28}},"branchMap":{},"s":{"0":1,"1":1,"2":1,"3":1,"4":1,"5":1,"6":1,"7":0,"8":1,"9":1},"f":{"0":1,"1":0},"b":{},"_coverageSchema":"1a1c01bbd47fc00a2c39e90264f33305004495a9","hash":"caffe06733e75275d27ec32b5874e6666b934f40","contentHash":"d4f07c897fadcf302652ec28a680a1a41fa94a49dc6003552c9fda6a1214fe36"},"/Users/sakonthephamongkhol/Desktop/workspace/web development/sec33_Kojira/nontserver/Models/NontSitter.js":{"path":"/Users/sakonthephamongkhol/Desktop/workspace/web development/sec33_Kojira/nontserver/Models/NontSitter.js","statementMap":{"0":{"start":{"line":3,"column":17},"end":{"line":3,"column":36}},"1":{"start":{"line":4,"column":15},"end":{"line":4,"column":30}},"2":{"start":{"line":5,"column":17},"end":{"line":5,"column":47}},"3":{"start":{"line":7,"column":15},"end":{"line":19,"column":1}},"4":{"start":{"line":22,"column":0},"end":{"line":31,"column":3}},"5":{"start":{"line":26,"column":21},"end":{"line":26,"column":100}},"6":{"start":{"line":28,"column":2},"end":{"line":30,"column":5}},"7":{"start":{"line":29,"column":6},"end":{"line":29,"column":65}},"8":{"start":{"line":33,"column":19},"end":{"line":33,"column":56}},"9":{"start":{"line":35,"column":0},"end":{"line":35,"column":28}}},"fnMap":{"0":{"name":"(anonymous_0)","decl":{"start":{"line":22,"column":58},"end":{"line":22,"column":59}},"loc":{"start":{"line":22,"column":76},"end":{"line":31,"column":1}},"line":22},"1":{"name":"(anonymous_1)","decl":{"start":{"line":28,"column":22},"end":{"line":28,"column":23}},"loc":{"start":{"line":28,"column":41},"end":{"line":30,"column":3}},"line":28}},"branchMap":{},"s":{"0":1,"1":1,"2":1,"3":1,"4":1,"5":0,"6":0,"7":0,"8":1,"9":1},"f":{"0":0,"1":0},"b":{},"_coverageSchema":"1a1c01bbd47fc00a2c39e90264f33305004495a9","hash":"465c648e7be6378c0901cac69ee7d637ed95d18e","contentHash":"d6880cfc71030a32d2e0a57b0c105c34d92ff70fcad8cb1c2ded88fc1733df9d"},"/Users/sakonthephamongkhol/Desktop/workspace/web development/sec33_Kojira/nontserver/Models/Room.js":{"path":"/Users/sakonthephamongkhol/Desktop/workspace/web development/sec33_Kojira/nontserver/Models/Room.js","statementMap":{"0":{"start":{"line":3,"column":17},"end":{"line":3,"column":36}},"1":{"start":{"line":4,"column":15},"end":{"line":4,"column":30}},"2":{"start":{"line":5,"column":17},"end":{"line":5,"column":47}},"3":{"start":{"line":7,"column":15},"end":{"line":20,"column":1}},"4":{"start":{"line":23,"column":0},"end":{"line":32,"column":3}},"5":{"start":{"line":27,"column":23},"end":{"line":27,"column":98}},"6":{"start":{"line":29,"column":4},"end":{"line":31,"column":7}},"7":{"start":{"line":30,"column":8},"end":{"line":30,"column":70}},"8":{"start":{"line":34,"column":14},"end":{"line":34,"column":45}},"9":{"start":{"line":36,"column":0},"end":{"line":36,"column":23}}},"fnMap":{"0":{"name":"(anonymous_0)","decl":{"start":{"line":23,"column":58},"end":{"line":23,"column":59}},"loc":{"start":{"line":23,"column":76},"end":{"line":32,"column":1}},"line":23},"1":{"name":"(anonymous_1)","decl":{"start":{"line":29,"column":24},"end":{"line":29,"column":25}},"loc":{"start":{"line":29,"column":43},"end":{"line":31,"column":5}},"line":29}},"branchMap":{},"s":{"0":1,"1":1,"2":1,"3":1,"4":1,"5":0,"6":0,"7":0,"8":1,"9":1},"f":{"0":0,"1":0},"b":{},"_coverageSchema":"1a1c01bbd47fc00a2c39e90264f33305004495a9","hash":"86505f8d8a61686f480e8547ec8f1a22411904b2","contentHash":"9069a31266cd73dacdf42bb69b5f6ebc43ab3e3e39ed8470caafa6625867323a"},"/Users/sakonthephamongkhol/Desktop/workspace/web development/sec33_Kojira/nontserver/Models/Shelters.js":{"path":"/Users/sakonthephamongkhol/Desktop/workspace/web development/sec33_Kojira/nontserver/Models/Shelters.js","statementMap":{"0":{"start":{"line":3,"column":17},"end":{"line":3,"column":36}},"1":{"start":{"line":4,"column":15},"end":{"line":4,"column":30}},"2":{"start":{"line":5,"column":17},"end":{"line":5,"column":47}},"3":{"start":{"line":7,"column":15},"end":{"line":25,"column":1}},"4":{"start":{"line":28,"column":0},"end":{"line":37,"column":3}},"5":{"start":{"line":32,"column":20},"end":{"line":32,"column":91}},"6":{"start":{"line":34,"column":4},"end":{"line":36,"column":7}},"7":{"start":{"line":35,"column":8},"end":{"line":35,"column":63}},"8":{"start":{"line":39,"column":17},"end":{"line":39,"column":51}},"9":{"start":{"line":41,"column":0},"end":{"line":41,"column":26}}},"fnMap":{"0":{"name":"(anonymous_0)","decl":{"start":{"line":28,"column":58},"end":{"line":28,"column":59}},"loc":{"start":{"line":28,"column":76},"end":{"line":37,"column":1}},"line":28},"1":{"name":"(anonymous_1)","decl":{"start":{"line":34,"column":21},"end":{"line":34,"column":22}},"loc":{"start":{"line":34,"column":40},"end":{"line":36,"column":5}},"line":34}},"branchMap":{},"s":{"0":1,"1":1,"2":1,"3":1,"4":1,"5":0,"6":0,"7":0,"8":1,"9":1},"f":{"0":0,"1":0},"b":{},"_coverageSchema":"1a1c01bbd47fc00a2c39e90264f33305004495a9","hash":"1a0dd423c9bec01a8105835cd8be2a892c3b9514","contentHash":"3e721f435ef5591d8cfb16c44c5154b5cccb98e600b2e127a49f853f1f677dd5"},"/Users/sakonthephamongkhol/Desktop/workspace/web development/sec33_Kojira/nontserver/Models/Review.js":{"path":"/Users/sakonthephamongkhol/Desktop/workspace/web development/sec33_Kojira/nontserver/Models/Review.js","statementMap":{"0":{"start":{"line":3,"column":17},"end":{"line":3,"column":36}},"1":{"start":{"line":4,"column":13},"end":{"line":4,"column":30}},"2":{"start":{"line":5,"column":18},"end":{"line":5,"column":40}},"3":{"start":{"line":6,"column":19},"end":{"line":6,"column":42}},"4":{"start":{"line":7,"column":17},"end":{"line":7,"column":38}},"5":{"start":{"line":8,"column":20},"end":{"line":8,"column":44}},"6":{"start":{"line":9,"column":15},"end":{"line":9,"column":30}},"7":{"start":{"line":10,"column":17},"end":{"line":10,"column":47}},"8":{"start":{"line":12,"column":15},"end":{"line":24,"column":1}},"9":{"start":{"line":26,"column":15},"end":{"line":26,"column":48}},"10":{"start":{"line":28,"column":0},"end":{"line":28,"column":24}}},"fnMap":{},"branchMap":{},"s":{"0":1,"1":1,"2":1,"3":1,"4":1,"5":1,"6":1,"7":1,"8":1,"9":1,"10":1},"f":{},"b":{},"_coverageSchema":"1a1c01bbd47fc00a2c39e90264f33305004495a9","hash":"c0d340e9043e43db8bed04bf0710fa6b5b634735","contentHash":"8c414cd462f76c7fc254fe0864042cb43665a0ac39dc75a65dc59041d6a59249"},"/Users/sakonthephamongkhol/Desktop/workspace/web development/sec33_Kojira/nontserver/Controllers/LoginController.js":{"path":"/Users/sakonthephamongkhol/Desktop/workspace/web development/sec33_Kojira/nontserver/Controllers/LoginController.js","statementMap":{"0":{"start":{"line":2,"column":15},"end":{"line":2,"column":34}},"1":{"start":{"line":3,"column":28},"end":{"line":3,"column":79}},"2":{"start":{"line":4,"column":19},"end":{"line":4,"column":64}},"3":{"start":{"line":5,"column":14},"end":{"line":5,"column":40}},"4":{"start":{"line":6,"column":18},"end":{"line":6,"column":48}},"5":{"start":{"line":7,"column":19},"end":{"line":7,"column":50}},"6":{"start":{"line":9,"column":19},"end":{"line":69,"column":1}},"7":{"start":{"line":11,"column":4},"end":{"line":67,"column":5}},"8":{"start":{"line":12,"column":21},"end":{"line":14,"column":8}},"9":{"start":{"line":15,"column":6},"end":{"line":62,"column":7}},"10":{"start":{"line":16,"column":8},"end":{"line":55,"column":9}},"11":{"start":{"line":17,"column":33},"end":{"line":20,"column":11}},"12":{"start":{"line":22,"column":10},"end":{"line":52,"column":11}},"13":{"start":{"line":24,"column":12},"end":{"line":30,"column":13}},"14":{"start":{"line":25,"column":14},"end":{"line":25,"column":33}},"15":{"start":{"line":26,"column":19},"end":{"line":30,"column":13}},"16":{"start":{"line":27,"column":14},"end":{"line":27,"column":39}},"17":{"start":{"line":28,"column":19},"end":{"line":30,"column":13}},"18":{"start":{"line":29,"column":14},"end":{"line":29,"column":38}},"19":{"start":{"line":31,"column":26},"end":{"line":38,"column":14}},"20":{"start":{"line":39,"column":12},"end":{"line":45,"column":15}},"21":{"start":{"line":47,"column":12},"end":{"line":47,"column":46}},"22":{"start":{"line":48,"column":12},"end":{"line":51,"column":15}},"23":{"start":{"line":54,"column":10},"end":{"line":54,"column":20}},"24":{"start":{"line":57,"column":8},"end":{"line":57,"column":38}},"25":{"start":{"line":58,"column":8},"end":{"line":61,"column":11}},"26":{"start":{"line":65,"column":6},"end":{"line":65,"column":27}},"27":{"start":{"line":66,"column":6},"end":{"line":66,"column":66}},"28":{"start":{"line":71,"column":0},"end":{"line":71,"column":28}}},"fnMap":{"0":{"name":"(anonymous_0)","decl":{"start":{"line":10,"column":9},"end":{"line":10,"column":10}},"loc":{"start":{"line":10,"column":43},"end":{"line":68,"column":3}},"line":10}},"branchMap":{"0":{"loc":{"start":{"line":15,"column":6},"end":{"line":62,"column":7}},"type":"if","locations":[{"start":{"line":15,"column":6},"end":{"line":62,"column":7}},{"start":{"line":15,"column":6},"end":{"line":62,"column":7}}],"line":15},"1":{"loc":{"start":{"line":22,"column":10},"end":{"line":52,"column":11}},"type":"if","locations":[{"start":{"line":22,"column":10},"end":{"line":52,"column":11}},{"start":{"line":22,"column":10},"end":{"line":52,"column":11}}],"line":22},"2":{"loc":{"start":{"line":24,"column":12},"end":{"line":30,"column":13}},"type":"if","locations":[{"start":{"line":24,"column":12},"end":{"line":30,"column":13}},{"start":{"line":24,"column":12},"end":{"line":30,"column":13}}],"line":24},"3":{"loc":{"start":{"line":26,"column":19},"end":{"line":30,"column":13}},"type":"if","locations":[{"start":{"line":26,"column":19},"end":{"line":30,"column":13}},{"start":{"line":26,"column":19},"end":{"line":30,"column":13}}],"line":26},"4":{"loc":{"start":{"line":28,"column":19},"end":{"line":30,"column":13}},"type":"if","locations":[{"start":{"line":28,"column":19},"end":{"line":30,"column":13}},{"start":{"line":28,"column":19},"end":{"line":30,"column":13}}],"line":28}},"s":{"0":1,"1":1,"2":1,"3":1,"4":1,"5":1,"6":1,"7":6,"8":6,"9":6,"10":4,"11":4,"12":4,"13":3,"14":1,"15":2,"16":1,"17":1,"18":1,"19":3,"20":3,"21":1,"22":1,"23":0,"24":2,"25":2,"26":0,"27":0,"28":1},"f":{"0":6},"b":{"0":[4,2],"1":[3,1],"2":[1,2],"3":[1,1],"4":[1,0]},"_coverageSchema":"1a1c01bbd47fc00a2c39e90264f33305004495a9","hash":"f32683202a683548d4429ed04b44cb67c9d558af","contentHash":"0b5f753b9fa8b24cbdac5e58d0c52b262e7fa9d21d9dcd5640486775aa10e860"},"/Users/sakonthephamongkhol/Desktop/workspace/web development/sec33_Kojira/nontserver/Middlewares/JsonWebToken/JwtGenerator.js":{"path":"/Users/sakonthephamongkhol/Desktop/workspace/web development/sec33_Kojira/nontserver/Middlewares/JsonWebToken/JwtGenerator.js","statementMap":{"0":{"start":{"line":1,"column":12},"end":{"line":1,"column":35}},"1":{"start":{"line":2,"column":15},"end":{"line":2,"column":32}},"2":{"start":{"line":4,"column":0},"end":{"line":4,"column":16}},"3":{"start":{"line":6,"column":15},"end":{"line":6,"column":39}},"4":{"start":{"line":9,"column":2},"end":{"line":11,"column":5}},"5":{"start":{"line":14,"column":0},"end":{"line":14,"column":37}}},"fnMap":{"0":{"name":"generateAccessToken","decl":{"start":{"line":8,"column":9},"end":{"line":8,"column":28}},"loc":{"start":{"line":8,"column":35},"end":{"line":12,"column":1}},"line":8}},"branchMap":{},"s":{"0":1,"1":1,"2":1,"3":1,"4":3,"5":1},"f":{"0":3},"b":{},"_coverageSchema":"1a1c01bbd47fc00a2c39e90264f33305004495a9","hash":"aea442ea3e755c249fea959efa55708e09cf197f","contentHash":"45e9543fdcc51f1d6d1ffcbeab1f98e58122ec870e27ae4d946fe57cbf9893ac"},"/Users/sakonthephamongkhol/Desktop/workspace/web development/sec33_Kojira/nontserver/Constants/ErrorTypes/LoginError.js":{"path":"/Users/sakonthephamongkhol/Desktop/workspace/web development/sec33_Kojira/nontserver/Constants/ErrorTypes/LoginError.js","statementMap":{"0":{"start":{"line":1,"column":19},"end":{"line":5,"column":1}},"1":{"start":{"line":7,"column":0},"end":{"line":7,"column":28}}},"fnMap":{},"branchMap":{},"s":{"0":1,"1":1},"f":{},"b":{},"_coverageSchema":"1a1c01bbd47fc00a2c39e90264f33305004495a9","hash":"23c004ad61f21f0f51e67adf649da8f62cdb8814","contentHash":"37692a9667bee851684f3033fc2cfde29d4f6dfa1ad260fbbbfd52ad0708344b"},"/Users/sakonthephamongkhol/Desktop/workspace/web development/sec33_Kojira/nontserver/Models/Admin.js":{"path":"/Users/sakonthephamongkhol/Desktop/workspace/web development/sec33_Kojira/nontserver/Models/Admin.js","statementMap":{"0":{"start":{"line":3,"column":17},"end":{"line":3,"column":36}},"1":{"start":{"line":4,"column":15},"end":{"line":4,"column":30}},"2":{"start":{"line":6,"column":15},"end":{"line":10,"column":2}},"3":{"start":{"line":12,"column":14},"end":{"line":12,"column":45}},"4":{"start":{"line":14,"column":0},"end":{"line":14,"column":23}}},"fnMap":{},"branchMap":{},"s":{"0":1,"1":1,"2":1,"3":1,"4":1},"f":{},"b":{},"_coverageSchema":"1a1c01bbd47fc00a2c39e90264f33305004495a9","hash":"3e65e3e7587340b7a9c68fc06d6cf7e18e5544d7","contentHash":"a6781ed755035f1efc421307908c2418c805c689315740e5ac69e1489b7a86d9"},"/Users/sakonthephamongkhol/Desktop/workspace/web development/sec33_Kojira/nontserver/Config/corsOptions.js":{"path":"/Users/sakonthephamongkhol/Desktop/workspace/web development/sec33_Kojira/nontserver/Config/corsOptions.js","statementMap":{"0":{"start":{"line":1,"column":20},"end":{"line":4,"column":1}},"1":{"start":{"line":6,"column":0},"end":{"line":6,"column":29}}},"fnMap":{},"branchMap":{},"s":{"0":1,"1":1},"f":{},"b":{},"_coverageSchema":"1a1c01bbd47fc00a2c39e90264f33305004495a9","hash":"087c428c317f35ea040e718d8402fcffe8836c1e","contentHash":"224bb1302e6d3df8e8b2b7da365c287a08f55e26980e6ee4a2014c0dc2e25378"},"/Users/sakonthephamongkhol/Desktop/workspace/web development/sec33_Kojira/nontserver/routes/nontSitters.js":{"path":"/Users/sakonthephamongkhol/Desktop/workspace/web development/sec33_Kojira/nontserver/routes/nontSitters.js","statementMap":{"0":{"start":{"line":3,"column":16},"end":{"line":3,"column":34}},"1":{"start":{"line":4,"column":15},"end":{"line":4,"column":31}},"2":{"start":{"line":5,"column":19},"end":{"line":5,"column":65}},"3":{"start":{"line":6,"column":20},"end":{"line":6,"column":52}},"4":{"start":{"line":7,"column":13},"end":{"line":7,"column":28}},"5":{"start":{"line":9,"column":0},"end":{"line":13,"column":35}},"6":{"start":{"line":15,"column":0},"end":{"line":17,"column":30}},"7":{"start":{"line":19,"column":0},"end":{"line":21,"column":36}},"8":{"start":{"line":23,"column":0},"end":{"line":25,"column":35}},"9":{"start":{"line":27,"column":0},"end":{"line":27,"column":65}},"10":{"start":{"line":29,"column":0},"end":{"line":31,"column":41}},"11":{"start":{"line":33,"column":0},"end":{"line":35,"column":29}},"12":{"start":{"line":37,"column":0},"end":{"line":37,"column":24}}},"fnMap":{},"branchMap":{},"s":{"0":1,"1":1,"2":1,"3":1,"4":1,"5":1,"6":1,"7":1,"8":1,"9":1,"10":1,"11":1,"12":1},"f":{},"b":{},"_coverageSchema":"1a1c01bbd47fc00a2c39e90264f33305004495a9","hash":"d0daece480f4c85efc8a227742cc392961e66f00","contentHash":"abcbe383f9bb8c5432e8ee85d3af5693b774bb895bc2e243b34685a36d41e755"},"/Users/sakonthephamongkhol/Desktop/workspace/web development/sec33_Kojira/nontserver/Controllers/NontSitterController.js":{"path":"/Users/sakonthephamongkhol/Desktop/workspace/web development/sec33_Kojira/nontserver/Controllers/NontSitterController.js","statementMap":{"0":{"start":{"line":2,"column":28},"end":{"line":2,"column":60}},"1":{"start":{"line":6,"column":4},"end":{"line":6,"column":12}},"2":{"start":{"line":7,"column":4},"end":{"line":7,"column":56}},"3":{"start":{"line":8,"column":4},"end":{"line":8,"column":38}},"4":{"start":{"line":9,"column":4},"end":{"line":21,"column":6}},"5":{"start":{"line":22,"column":4},"end":{"line":22,"column":53}},"6":{"start":{"line":23,"column":4},"end":{"line":35,"column":6}},"7":{"start":{"line":36,"column":4},"end":{"line":36,"column":62}},"8":{"start":{"line":40,"column":19},"end":{"line":47,"column":3}},"9":{"start":{"line":41,"column":4},"end":{"line":46,"column":5}},"10":{"start":{"line":42,"column":33},"end":{"line":42,"column":61}},"11":{"start":{"line":43,"column":6},"end":{"line":43,"column":42}},"12":{"start":{"line":45,"column":6},"end":{"line":45,"column":73}},"13":{"start":{"line":50,"column":15},"end":{"line":58,"column":3}},"14":{"start":{"line":51,"column":4},"end":{"line":57,"column":5}},"15":{"start":{"line":52,"column":32},"end":{"line":52,"column":77}},"16":{"start":{"line":53,"column":6},"end":{"line":53,"column":76}},"17":{"start":{"line":53,"column":30},"end":{"line":53,"column":76}},"18":{"start":{"line":54,"column":6},"end":{"line":54,"column":68}},"19":{"start":{"line":56,"column":6},"end":{"line":56,"column":73}},"20":{"start":{"line":61,"column":18},"end":{"line":100,"column":3}},"21":{"start":{"line":62,"column":4},"end":{"line":99,"column":5}},"22":{"start":{"line":63,"column":19},"end":{"line":63,"column":27}},"23":{"start":{"line":64,"column":6},"end":{"line":64,"column":65}},"24":{"start":{"line":64,"column":21},"end":{"line":64,"column":65}},"25":{"start":{"line":65,"column":31},"end":{"line":67,"column":7}},"26":{"start":{"line":68,"column":6},"end":{"line":70,"column":7}},"27":{"start":{"line":69,"column":8},"end":{"line":69,"column":79}},"28":{"start":{"line":71,"column":6},"end":{"line":77,"column":7}},"29":{"start":{"line":72,"column":32},"end":{"line":74,"column":10}},"30":{"start":{"line":75,"column":8},"end":{"line":76,"column":63}},"31":{"start":{"line":76,"column":10},"end":{"line":76,"column":63}},"32":{"start":{"line":78,"column":6},"end":{"line":84,"column":7}},"33":{"start":{"line":79,"column":31},"end":{"line":81,"column":10}},"34":{"start":{"line":82,"column":8},"end":{"line":83,"column":66}},"35":{"start":{"line":83,"column":10},"end":{"line":83,"column":66}},"36":{"start":{"line":85,"column":6},"end":{"line":91,"column":7}},"37":{"start":{"line":86,"column":31},"end":{"line":89,"column":9}},"38":{"start":{"line":90,"column":8},"end":{"line":90,"column":39}},"39":{"start":{"line":92,"column":21},"end":{"line":94,"column":8}},"40":{"start":{"line":95,"column":6},"end":{"line":95,"column":65}},"41":{"start":{"line":95,"column":19},"end":{"line":95,"column":65}},"42":{"start":{"line":96,"column":6},"end":{"line":96,"column":56}},"43":{"start":{"line":98,"column":6},"end":{"line":98,"column":73}},"44":{"start":{"line":103,"column":11},"end":{"line":140,"column":3}},"45":{"start":{"line":104,"column":29},"end":{"line":104,"column":62}},"46":{"start":{"line":105,"column":4},"end":{"line":107,"column":5}},"47":{"start":{"line":106,"column":6},"end":{"line":106,"column":77}},"48":{"start":{"line":109,"column":4},"end":{"line":123,"column":5}},"49":{"start":{"line":110,"column":30},"end":{"line":112,"column":8}},"50":{"start":{"line":113,"column":6},"end":{"line":113,"column":80}},"51":{"start":{"line":113,"column":27},"end":{"line":113,"column":80}},"52":{"start":{"line":114,"column":29},"end":{"line":116,"column":8}},"53":{"start":{"line":117,"column":6},"end":{"line":118,"column":64}},"54":{"start":{"line":118,"column":8},"end":{"line":118,"column":64}},"55":{"start":{"line":120,"column":6},"end":{"line":122,"column":61}},"56":{"start":{"line":125,"column":4},"end":{"line":139,"column":5}},"57":{"start":{"line":126,"column":29},"end":{"line":129,"column":7}},"58":{"start":{"line":130,"column":22},"end":{"line":130,"column":63}},"59":{"start":{"line":131,"column":6},"end":{"line":136,"column":7}},"60":{"start":{"line":132,"column":8},"end":{"line":132,"column":46}},"61":{"start":{"line":133,"column":8},"end":{"line":133,"column":65}},"62":{"start":{"line":135,"column":8},"end":{"line":135,"column":20}},"63":{"start":{"line":138,"column":6},"end":{"line":138,"column":72}},"64":{"start":{"line":143,"column":20},"end":{"line":159,"column":3}},"65":{"start":{"line":144,"column":24},"end":{"line":144,"column":59}},"66":{"start":{"line":145,"column":27},"end":{"line":145,"column":55}},"67":{"start":{"line":146,"column":19},"end":{"line":146,"column":52}},"68":{"start":{"line":147,"column":4},"end":{"line":147,"column":71}},"69":{"start":{"line":147,"column":22},"end":{"line":147,"column":71}},"70":{"start":{"line":148,"column":4},"end":{"line":158,"column":5}},"71":{"start":{"line":149,"column":30},"end":{"line":151,"column":8}},"72":{"start":{"line":152,"column":6},"end":{"line":153,"column":45}},"73":{"start":{"line":152,"column":27},"end":{"line":152,"column":75}},"74":{"start":{"line":153,"column":11},"end":{"line":153,"column":45}},"75":{"start":{"line":155,"column":6},"end":{"line":157,"column":61}},"76":{"start":{"line":162,"column":19},"end":{"line":178,"column":3}},"77":{"start":{"line":163,"column":23},"end":{"line":163,"column":57}},"78":{"start":{"line":164,"column":26},"end":{"line":164,"column":53}},"79":{"start":{"line":165,"column":19},"end":{"line":165,"column":51}},"80":{"start":{"line":166,"column":4},"end":{"line":166,"column":71}},"81":{"start":{"line":166,"column":22},"end":{"line":166,"column":71}},"82":{"start":{"line":167,"column":4},"end":{"line":177,"column":5}},"83":{"start":{"line":168,"column":29},"end":{"line":170,"column":8}},"84":{"start":{"line":171,"column":6},"end":{"line":172,"column":45}},"85":{"start":{"line":171,"column":26},"end":{"line":171,"column":74}},"86":{"start":{"line":172,"column":11},"end":{"line":172,"column":45}},"87":{"start":{"line":174,"column":6},"end":{"line":176,"column":61}},"88":{"start":{"line":181,"column":10},"end":{"line":182,"column":57}},"89":{"start":{"line":182,"column":4},"end":{"line":182,"column":57}},"90":{"start":{"line":185,"column":26},"end":{"line":197,"column":3}},"91":{"start":{"line":186,"column":4},"end":{"line":196,"column":5}},"92":{"start":{"line":187,"column":23},"end":{"line":187,"column":45}},"93":{"start":{"line":188,"column":22},"end":{"line":188,"column":30}},"94":{"start":{"line":189,"column":32},"end":{"line":192,"column":7}},"95":{"start":{"line":193,"column":6},"end":{"line":193,"column":31}},"96":{"start":{"line":195,"column":6},"end":{"line":195,"column":77}},"97":{"start":{"line":202,"column":11},"end":{"line":211,"column":3}},"98":{"start":{"line":203,"column":4},"end":{"line":210,"column":5}},"99":{"start":{"line":205,"column":23},"end":{"line":205,"column":75}},"100":{"start":{"line":206,"column":22},"end":{"line":206,"column":63}},"101":{"start":{"line":207,"column":6},"end":{"line":207,"column":31}},"102":{"start":{"line":209,"column":6},"end":{"line":209,"column":62}},"103":{"start":{"line":214,"column":0},"end":{"line":214,"column":44}}},"fnMap":{"0":{"name":"(anonymous_0)","decl":{"start":{"line":5,"column":2},"end":{"line":5,"column":3}},"loc":{"start":{"line":5,"column":16},"end":{"line":37,"column":3}},"line":5},"1":{"name":"(anonymous_1)","decl":{"start":{"line":40,"column":19},"end":{"line":40,"column":20}},"loc":{"start":{"line":40,"column":39},"end":{"line":47,"column":3}},"line":40},"2":{"name":"(anonymous_2)","decl":{"start":{"line":50,"column":15},"end":{"line":50,"column":16}},"loc":{"start":{"line":50,"column":35},"end":{"line":58,"column":3}},"line":50},"3":{"name":"(anonymous_3)","decl":{"start":{"line":61,"column":18},"end":{"line":61,"column":19}},"loc":{"start":{"line":61,"column":38},"end":{"line":100,"column":3}},"line":61},"4":{"name":"(anonymous_4)","decl":{"start":{"line":103,"column":11},"end":{"line":103,"column":12}},"loc":{"start":{"line":103,"column":31},"end":{"line":140,"column":3}},"line":103},"5":{"name":"(anonymous_5)","decl":{"start":{"line":143,"column":20},"end":{"line":143,"column":21}},"loc":{"start":{"line":143,"column":40},"end":{"line":159,"column":3}},"line":143},"6":{"name":"(anonymous_6)","decl":{"start":{"line":162,"column":19},"end":{"line":162,"column":20}},"loc":{"start":{"line":162,"column":39},"end":{"line":178,"column":3}},"line":162},"7":{"name":"(anonymous_7)","decl":{"start":{"line":181,"column":10},"end":{"line":181,"column":11}},"loc":{"start":{"line":182,"column":4},"end":{"line":182,"column":57}},"line":182},"8":{"name":"(anonymous_8)","decl":{"start":{"line":185,"column":26},"end":{"line":185,"column":27}},"loc":{"start":{"line":185,"column":46},"end":{"line":197,"column":3}},"line":185},"9":{"name":"(anonymous_9)","decl":{"start":{"line":202,"column":11},"end":{"line":202,"column":12}},"loc":{"start":{"line":202,"column":31},"end":{"line":211,"column":3}},"line":202}},"branchMap":{"0":{"loc":{"start":{"line":53,"column":6},"end":{"line":53,"column":76}},"type":"if","locations":[{"start":{"line":53,"column":6},"end":{"line":53,"column":76}},{"start":{"line":53,"column":6},"end":{"line":53,"column":76}}],"line":53},"1":{"loc":{"start":{"line":64,"column":6},"end":{"line":64,"column":65}},"type":"if","locations":[{"start":{"line":64,"column":6},"end":{"line":64,"column":65}},{"start":{"line":64,"column":6},"end":{"line":64,"column":65}}],"line":64},"2":{"loc":{"start":{"line":68,"column":6},"end":{"line":70,"column":7}},"type":"if","locations":[{"start":{"line":68,"column":6},"end":{"line":70,"column":7}},{"start":{"line":68,"column":6},"end":{"line":70,"column":7}}],"line":68},"3":{"loc":{"start":{"line":71,"column":6},"end":{"line":77,"column":7}},"type":"if","locations":[{"start":{"line":71,"column":6},"end":{"line":77,"column":7}},{"start":{"line":71,"column":6},"end":{"line":77,"column":7}}],"line":71},"4":{"loc":{"start":{"line":75,"column":8},"end":{"line":76,"column":63}},"type":"if","locations":[{"start":{"line":75,"column":8},"end":{"line":76,"column":63}},{"start":{"line":75,"column":8},"end":{"line":76,"column":63}}],"line":75},"5":{"loc":{"start":{"line":78,"column":6},"end":{"line":84,"column":7}},"type":"if","locations":[{"start":{"line":78,"column":6},"end":{"line":84,"column":7}},{"start":{"line":78,"column":6},"end":{"line":84,"column":7}}],"line":78},"6":{"loc":{"start":{"line":82,"column":8},"end":{"line":83,"column":66}},"type":"if","locations":[{"start":{"line":82,"column":8},"end":{"line":83,"column":66}},{"start":{"line":82,"column":8},"end":{"line":83,"column":66}}],"line":82},"7":{"loc":{"start":{"line":85,"column":6},"end":{"line":91,"column":7}},"type":"if","locations":[{"start":{"line":85,"column":6},"end":{"line":91,"column":7}},{"start":{"line":85,"column":6},"end":{"line":91,"column":7}}],"line":85},"8":{"loc":{"start":{"line":95,"column":6},"end":{"line":95,"column":65}},"type":"if","locations":[{"start":{"line":95,"column":6},"end":{"line":95,"column":65}},{"start":{"line":95,"column":6},"end":{"line":95,"column":65}}],"line":95},"9":{"loc":{"start":{"line":105,"column":4},"end":{"line":107,"column":5}},"type":"if","locations":[{"start":{"line":105,"column":4},"end":{"line":107,"column":5}},{"start":{"line":105,"column":4},"end":{"line":107,"column":5}}],"line":105},"10":{"loc":{"start":{"line":113,"column":6},"end":{"line":113,"column":80}},"type":"if","locations":[{"start":{"line":113,"column":6},"end":{"line":113,"column":80}},{"start":{"line":113,"column":6},"end":{"line":113,"column":80}}],"line":113},"11":{"loc":{"start":{"line":117,"column":6},"end":{"line":118,"column":64}},"type":"if","locations":[{"start":{"line":117,"column":6},"end":{"line":118,"column":64}},{"start":{"line":117,"column":6},"end":{"line":118,"column":64}}],"line":117},"12":{"loc":{"start":{"line":147,"column":4},"end":{"line":147,"column":71}},"type":"if","locations":[{"start":{"line":147,"column":4},"end":{"line":147,"column":71}},{"start":{"line":147,"column":4},"end":{"line":147,"column":71}}],"line":147},"13":{"loc":{"start":{"line":152,"column":6},"end":{"line":153,"column":45}},"type":"if","locations":[{"start":{"line":152,"column":6},"end":{"line":153,"column":45}},{"start":{"line":152,"column":6},"end":{"line":153,"column":45}}],"line":152},"14":{"loc":{"start":{"line":166,"column":4},"end":{"line":166,"column":71}},"type":"if","locations":[{"start":{"line":166,"column":4},"end":{"line":166,"column":71}},{"start":{"line":166,"column":4},"end":{"line":166,"column":71}}],"line":166},"15":{"loc":{"start":{"line":171,"column":6},"end":{"line":172,"column":45}},"type":"if","locations":[{"start":{"line":171,"column":6},"end":{"line":172,"column":45}},{"start":{"line":171,"column":6},"end":{"line":172,"column":45}}],"line":171}},"s":{"0":1,"1":1,"2":1,"3":1,"4":1,"5":1,"6":1,"7":1,"8":1,"9":0,"10":0,"11":0,"12":0,"13":1,"14":0,"15":0,"16":0,"17":0,"18":0,"19":0,"20":1,"21":0,"22":0,"23":0,"24":0,"25":0,"26":0,"27":0,"28":0,"29":0,"30":0,"31":0,"32":0,"33":0,"34":0,"35":0,"36":0,"37":0,"38":0,"39":0,"40":0,"41":0,"42":0,"43":0,"44":1,"45":0,"46":0,"47":0,"48":0,"49":0,"50":0,"51":0,"52":0,"53":0,"54":0,"55":0,"56":0,"57":0,"58":0,"59":0,"60":0,"61":0,"62":0,"63":0,"64":1,"65":0,"66":0,"67":0,"68":0,"69":0,"70":0,"71":0,"72":0,"73":0,"74":0,"75":0,"76":1,"77":0,"78":0,"79":0,"80":0,"81":0,"82":0,"83":0,"84":0,"85":0,"86":0,"87":0,"88":1,"89":1,"90":1,"91":0,"92":0,"93":0,"94":0,"95":0,"96":0,"97":1,"98":0,"99":0,"100":0,"101":0,"102":0,"103":1},"f":{"0":1,"1":0,"2":0,"3":0,"4":0,"5":0,"6":0,"7":1,"8":0,"9":0},"b":{"0":[0,0],"1":[0,0],"2":[0,0],"3":[0,0],"4":[0,0],"5":[0,0],"6":[0,0],"7":[0,0],"8":[0,0],"9":[0,0],"10":[0,0],"11":[0,0],"12":[0,0],"13":[0,0],"14":[0,0],"15":[0,0]},"_coverageSchema":"1a1c01bbd47fc00a2c39e90264f33305004495a9","hash":"70108e8026fcd0ae72be9900f6ea7eea90ce3f5f","contentHash":"d4266d50c6e5ae6dc7cf2a39185b3bf744bbd5bb2de37e27d89bc1cb3d3e855b"},"/Users/sakonthephamongkhol/Desktop/workspace/web development/sec33_Kojira/nontserver/routes/room.js":{"path":"/Users/sakonthephamongkhol/Desktop/workspace/web development/sec33_Kojira/nontserver/routes/room.js","statementMap":{"0":{"start":{"line":3,"column":16},"end":{"line":3,"column":34}},"1":{"start":{"line":4,"column":15},"end":{"line":4,"column":31}},"2":{"start":{"line":5,"column":19},"end":{"line":5,"column":59}},"3":{"start":{"line":7,"column":0},"end":{"line":10,"column":29}},"4":{"start":{"line":12,"column":0},"end":{"line":14,"column":33}},"5":{"start":{"line":16,"column":0},"end":{"line":18,"column":35}},"6":{"start":{"line":20,"column":0},"end":{"line":22,"column":39}},"7":{"start":{"line":24,"column":0},"end":{"line":26,"column":40}},"8":{"start":{"line":28,"column":0},"end":{"line":30,"column":34}},"9":{"start":{"line":32,"column":0},"end":{"line":34,"column":34}},"10":{"start":{"line":36,"column":0},"end":{"line":38,"column":31}},"11":{"start":{"line":40,"column":0},"end":{"line":42,"column":37}},"12":{"start":{"line":44,"column":0},"end":{"line":46,"column":34}},"13":{"start":{"line":48,"column":0},"end":{"line":48,"column":24}}},"fnMap":{},"branchMap":{},"s":{"0":1,"1":1,"2":1,"3":1,"4":1,"5":1,"6":1,"7":1,"8":1,"9":1,"10":1,"11":1,"12":1,"13":1},"f":{},"b":{},"_coverageSchema":"1a1c01bbd47fc00a2c39e90264f33305004495a9","hash":"c474b4857f8109b9c183c40aac2dc9c33eccb470","contentHash":"265b403e36845e98d6af8b94570d889ae41d9be2116fba2b5351dbfab59131c5"},"/Users/sakonthephamongkhol/Desktop/workspace/web development/sec33_Kojira/nontserver/Controllers/RoomController.js":{"path":"/Users/sakonthephamongkhol/Desktop/workspace/web development/sec33_Kojira/nontserver/Controllers/RoomController.js","statementMap":{"0":{"start":{"line":2,"column":28},"end":{"line":2,"column":60}},"1":{"start":{"line":6,"column":8},"end":{"line":6,"column":16}},"2":{"start":{"line":7,"column":8},"end":{"line":7,"column":67}},"3":{"start":{"line":8,"column":8},"end":{"line":14,"column":11}},"4":{"start":{"line":18,"column":15},"end":{"line":26,"column":5}},"5":{"start":{"line":19,"column":8},"end":{"line":25,"column":9}},"6":{"start":{"line":20,"column":29},"end":{"line":20,"column":51}},"7":{"start":{"line":21,"column":12},"end":{"line":21,"column":38}},"8":{"start":{"line":24,"column":12},"end":{"line":24,"column":63}},"9":{"start":{"line":34,"column":19},"end":{"line":45,"column":5}},"10":{"start":{"line":35,"column":8},"end":{"line":44,"column":9}},"11":{"start":{"line":36,"column":28},"end":{"line":36,"column":67}},"12":{"start":{"line":37,"column":12},"end":{"line":39,"column":13}},"13":{"start":{"line":38,"column":16},"end":{"line":38,"column":84}},"14":{"start":{"line":40,"column":12},"end":{"line":40,"column":37}},"15":{"start":{"line":43,"column":12},"end":{"line":43,"column":69}},"16":{"start":{"line":52,"column":26},"end":{"line":60,"column":5}},"17":{"start":{"line":53,"column":8},"end":{"line":59,"column":9}},"18":{"start":{"line":54,"column":28},"end":{"line":54,"column":96}},"19":{"start":{"line":55,"column":12},"end":{"line":55,"column":37}},"20":{"start":{"line":58,"column":12},"end":{"line":58,"column":77}},"21":{"start":{"line":62,"column":21},"end":{"line":71,"column":5}},"22":{"start":{"line":63,"column":8},"end":{"line":70,"column":9}},"23":{"start":{"line":64,"column":28},"end":{"line":64,"column":75}},"24":{"start":{"line":65,"column":12},"end":{"line":65,"column":101}},"25":{"start":{"line":65,"column":47},"end":{"line":65,"column":101}},"26":{"start":{"line":66,"column":12},"end":{"line":66,"column":37}},"27":{"start":{"line":69,"column":12},"end":{"line":69,"column":71}},"28":{"start":{"line":72,"column":25},"end":{"line":81,"column":5}},"29":{"start":{"line":73,"column":8},"end":{"line":80,"column":9}},"30":{"start":{"line":74,"column":28},"end":{"line":74,"column":80}},"31":{"start":{"line":75,"column":12},"end":{"line":75,"column":105}},"32":{"start":{"line":75,"column":47},"end":{"line":75,"column":105}},"33":{"start":{"line":76,"column":12},"end":{"line":76,"column":37}},"34":{"start":{"line":79,"column":12},"end":{"line":79,"column":76}},"35":{"start":{"line":89,"column":13},"end":{"line":110,"column":5}},"36":{"start":{"line":91,"column":33},"end":{"line":91,"column":66}},"37":{"start":{"line":92,"column":8},"end":{"line":94,"column":9}},"38":{"start":{"line":93,"column":12},"end":{"line":93,"column":83}},"39":{"start":{"line":97,"column":8},"end":{"line":109,"column":9}},"40":{"start":{"line":98,"column":28},"end":{"line":101,"column":13}},"41":{"start":{"line":102,"column":28},"end":{"line":102,"column":59}},"42":{"start":{"line":104,"column":41},"end":{"line":104,"column":103}},"43":{"start":{"line":105,"column":12},"end":{"line":105,"column":95}},"44":{"start":{"line":108,"column":12},"end":{"line":108,"column":62}},"45":{"start":{"line":119,"column":17},"end":{"line":140,"column":5}},"46":{"start":{"line":120,"column":33},"end":{"line":120,"column":66}},"47":{"start":{"line":121,"column":8},"end":{"line":123,"column":9}},"48":{"start":{"line":122,"column":12},"end":{"line":122,"column":83}},"49":{"start":{"line":124,"column":8},"end":{"line":139,"column":9}},"50":{"start":{"line":125,"column":28},"end":{"line":127,"column":13}},"51":{"start":{"line":128,"column":30},"end":{"line":132,"column":13}},"52":{"start":{"line":134,"column":41},"end":{"line":134,"column":105}},"53":{"start":{"line":135,"column":12},"end":{"line":135,"column":39}},"54":{"start":{"line":138,"column":12},"end":{"line":138,"column":62}},"55":{"start":{"line":147,"column":17},"end":{"line":172,"column":5}},"56":{"start":{"line":148,"column":8},"end":{"line":171,"column":9}},"57":{"start":{"line":150,"column":31},"end":{"line":150,"column":149}},"58":{"start":{"line":151,"column":12},"end":{"line":153,"column":13}},"59":{"start":{"line":152,"column":16},"end":{"line":152,"column":110}},"60":{"start":{"line":155,"column":30},"end":{"line":155,"column":69}},"61":{"start":{"line":157,"column":28},"end":{"line":159,"column":13}},"62":{"start":{"line":160,"column":30},"end":{"line":164,"column":13}},"63":{"start":{"line":166,"column":41},"end":{"line":166,"column":105}},"64":{"start":{"line":167,"column":12},"end":{"line":167,"column":39}},"65":{"start":{"line":170,"column":12},"end":{"line":170,"column":62}},"66":{"start":{"line":174,"column":20},"end":{"line":182,"column":5}},"67":{"start":{"line":175,"column":8},"end":{"line":181,"column":9}},"68":{"start":{"line":176,"column":28},"end":{"line":176,"column":67}},"69":{"start":{"line":177,"column":12},"end":{"line":177,"column":37}},"70":{"start":{"line":180,"column":12},"end":{"line":180,"column":69}},"71":{"start":{"line":185,"column":22},"end":{"line":195,"column":5}},"72":{"start":{"line":186,"column":8},"end":{"line":194,"column":9}},"73":{"start":{"line":187,"column":27},"end":{"line":187,"column":47}},"74":{"start":{"line":188,"column":26},"end":{"line":188,"column":34}},"75":{"start":{"line":189,"column":30},"end":{"line":189,"column":74}},"76":{"start":{"line":190,"column":10},"end":{"line":190,"column":35}},"77":{"start":{"line":193,"column":10},"end":{"line":193,"column":81}},"78":{"start":{"line":202,"column":13},"end":{"line":217,"column":5}},"79":{"start":{"line":203,"column":8},"end":{"line":216,"column":9}},"80":{"start":{"line":205,"column":31},"end":{"line":205,"column":149}},"81":{"start":{"line":206,"column":12},"end":{"line":208,"column":13}},"82":{"start":{"line":207,"column":16},"end":{"line":207,"column":110}},"83":{"start":{"line":210,"column":29},"end":{"line":210,"column":80}},"84":{"start":{"line":211,"column":28},"end":{"line":211,"column":63}},"85":{"start":{"line":212,"column":12},"end":{"line":212,"column":37}},"86":{"start":{"line":215,"column":12},"end":{"line":215,"column":62}},"87":{"start":{"line":220,"column":0},"end":{"line":220,"column":38}}},"fnMap":{"0":{"name":"(anonymous_0)","decl":{"start":{"line":5,"column":4},"end":{"line":5,"column":5}},"loc":{"start":{"line":5,"column":18},"end":{"line":15,"column":5}},"line":5},"1":{"name":"(anonymous_1)","decl":{"start":{"line":18,"column":15},"end":{"line":18,"column":16}},"loc":{"start":{"line":18,"column":34},"end":{"line":26,"column":5}},"line":18},"2":{"name":"(anonymous_2)","decl":{"start":{"line":34,"column":19},"end":{"line":34,"column":20}},"loc":{"start":{"line":34,"column":38},"end":{"line":45,"column":5}},"line":34},"3":{"name":"(anonymous_3)","decl":{"start":{"line":52,"column":26},"end":{"line":52,"column":27}},"loc":{"start":{"line":52,"column":45},"end":{"line":60,"column":5}},"line":52},"4":{"name":"(anonymous_4)","decl":{"start":{"line":62,"column":21},"end":{"line":62,"column":22}},"loc":{"start":{"line":62,"column":40},"end":{"line":71,"column":5}},"line":62},"5":{"name":"(anonymous_5)","decl":{"start":{"line":72,"column":25},"end":{"line":72,"column":26}},"loc":{"start":{"line":72,"column":44},"end":{"line":81,"column":5}},"line":72},"6":{"name":"(anonymous_6)","decl":{"start":{"line":89,"column":13},"end":{"line":89,"column":14}},"loc":{"start":{"line":89,"column":33},"end":{"line":110,"column":5}},"line":89},"7":{"name":"(anonymous_7)","decl":{"start":{"line":119,"column":17},"end":{"line":119,"column":18}},"loc":{"start":{"line":119,"column":37},"end":{"line":140,"column":5}},"line":119},"8":{"name":"(anonymous_8)","decl":{"start":{"line":147,"column":17},"end":{"line":147,"column":18}},"loc":{"start":{"line":147,"column":37},"end":{"line":172,"column":5}},"line":147},"9":{"name":"(anonymous_9)","decl":{"start":{"line":174,"column":20},"end":{"line":174,"column":21}},"loc":{"start":{"line":174,"column":39},"end":{"line":182,"column":5}},"line":174},"10":{"name":"(anonymous_10)","decl":{"start":{"line":185,"column":22},"end":{"line":185,"column":23}},"loc":{"start":{"line":185,"column":42},"end":{"line":195,"column":5}},"line":185},"11":{"name":"(anonymous_11)","decl":{"start":{"line":202,"column":13},"end":{"line":202,"column":14}},"loc":{"start":{"line":202,"column":33},"end":{"line":217,"column":5}},"line":202}},"branchMap":{"0":{"loc":{"start":{"line":37,"column":12},"end":{"line":39,"column":13}},"type":"if","locations":[{"start":{"line":37,"column":12},"end":{"line":39,"column":13}},{"start":{"line":37,"column":12},"end":{"line":39,"column":13}}],"line":37},"1":{"loc":{"start":{"line":65,"column":12},"end":{"line":65,"column":101}},"type":"if","locations":[{"start":{"line":65,"column":12},"end":{"line":65,"column":101}},{"start":{"line":65,"column":12},"end":{"line":65,"column":101}}],"line":65},"2":{"loc":{"start":{"line":75,"column":12},"end":{"line":75,"column":105}},"type":"if","locations":[{"start":{"line":75,"column":12},"end":{"line":75,"column":105}},{"start":{"line":75,"column":12},"end":{"line":75,"column":105}}],"line":75},"3":{"loc":{"start":{"line":92,"column":8},"end":{"line":94,"column":9}},"type":"if","locations":[{"start":{"line":92,"column":8},"end":{"line":94,"column":9}},{"start":{"line":92,"column":8},"end":{"line":94,"column":9}}],"line":92},"4":{"loc":{"start":{"line":121,"column":8},"end":{"line":123,"column":9}},"type":"if","locations":[{"start":{"line":121,"column":8},"end":{"line":123,"column":9}},{"start":{"line":121,"column":8},"end":{"line":123,"column":9}}],"line":121},"5":{"loc":{"start":{"line":151,"column":12},"end":{"line":153,"column":13}},"type":"if","locations":[{"start":{"line":151,"column":12},"end":{"line":153,"column":13}},{"start":{"line":151,"column":12},"end":{"line":153,"column":13}}],"line":151},"6":{"loc":{"start":{"line":206,"column":12},"end":{"line":208,"column":13}},"type":"if","locations":[{"start":{"line":206,"column":12},"end":{"line":208,"column":13}},{"start":{"line":206,"column":12},"end":{"line":208,"column":13}}],"line":206}},"s":{"0":1,"1":1,"2":1,"3":1,"4":1,"5":0,"6":0,"7":0,"8":0,"9":1,"10":0,"11":0,"12":0,"13":0,"14":0,"15":0,"16":1,"17":0,"18":0,"19":0,"20":0,"21":1,"22":0,"23":0,"24":0,"25":0,"26":0,"27":0,"28":1,"29":0,"30":0,"31":0,"32":0,"33":0,"34":0,"35":1,"36":0,"37":0,"38":0,"39":0,"40":0,"41":0,"42":0,"43":0,"44":0,"45":1,"46":0,"47":0,"48":0,"49":0,"50":0,"51":0,"52":0,"53":0,"54":0,"55":1,"56":0,"57":0,"58":0,"59":0,"60":0,"61":0,"62":0,"63":0,"64":0,"65":0,"66":1,"67":0,"68":0,"69":0,"70":0,"71":1,"72":0,"73":0,"74":0,"75":0,"76":0,"77":0,"78":1,"79":0,"80":0,"81":0,"82":0,"83":0,"84":0,"85":0,"86":0,"87":1},"f":{"0":1,"1":0,"2":0,"3":0,"4":0,"5":0,"6":0,"7":0,"8":0,"9":0,"10":0,"11":0},"b":{"0":[0,0],"1":[0,0],"2":[0,0],"3":[0,0],"4":[0,0],"5":[0,0],"6":[0,0]},"_coverageSchema":"1a1c01bbd47fc00a2c39e90264f33305004495a9","hash":"5764c29f1a7ec4b33df30558fa86d496f7f61f59","contentHash":"4ff4ff4e995fdf6f89ca3363cd55f40e231fd4081ba268d2bc5cd311bbadd543"},"/Users/sakonthephamongkhol/Desktop/workspace/web development/sec33_Kojira/nontserver/Controllers/ShelterController.js":{"path":"/Users/sakonthephamongkhol/Desktop/workspace/web development/sec33_Kojira/nontserver/Controllers/ShelterController.js","statementMap":{"0":{"start":{"line":2,"column":28},"end":{"line":2,"column":60}},"1":{"start":{"line":6,"column":4},"end":{"line":6,"column":12}},"2":{"start":{"line":7,"column":4},"end":{"line":12,"column":18}},"3":{"start":{"line":13,"column":4},"end":{"line":17,"column":7}},"4":{"start":{"line":18,"column":4},"end":{"line":22,"column":7}},"5":{"start":{"line":23,"column":4},"end":{"line":41,"column":7}},"6":{"start":{"line":45,"column":19},"end":{"line":52,"column":3}},"7":{"start":{"line":46,"column":4},"end":{"line":51,"column":5}},"8":{"start":{"line":47,"column":26},"end":{"line":47,"column":51}},"9":{"start":{"line":48,"column":6},"end":{"line":48,"column":35}},"10":{"start":{"line":50,"column":6},"end":{"line":50,"column":60}},"11":{"start":{"line":55,"column":16},"end":{"line":64,"column":3}},"12":{"start":{"line":56,"column":4},"end":{"line":63,"column":5}},"13":{"start":{"line":57,"column":26},"end":{"line":57,"column":66}},"14":{"start":{"line":58,"column":6},"end":{"line":59,"column":41}},"15":{"start":{"line":59,"column":8},"end":{"line":59,"column":41}},"16":{"start":{"line":60,"column":6},"end":{"line":60,"column":35}},"17":{"start":{"line":62,"column":6},"end":{"line":62,"column":60}},"18":{"start":{"line":66,"column":19},"end":{"line":76,"column":3}},"19":{"start":{"line":67,"column":4},"end":{"line":75,"column":5}},"20":{"start":{"line":68,"column":25},"end":{"line":68,"column":67}},"21":{"start":{"line":69,"column":6},"end":{"line":71,"column":7}},"22":{"start":{"line":70,"column":8},"end":{"line":70,"column":80}},"23":{"start":{"line":72,"column":6},"end":{"line":72,"column":34}},"24":{"start":{"line":74,"column":6},"end":{"line":74,"column":65}},"25":{"start":{"line":78,"column":29},"end":{"line":88,"column":3}},"26":{"start":{"line":79,"column":4},"end":{"line":87,"column":5}},"27":{"start":{"line":80,"column":25},"end":{"line":83,"column":8}},"28":{"start":{"line":84,"column":6},"end":{"line":84,"column":34}},"29":{"start":{"line":86,"column":6},"end":{"line":86,"column":65}},"30":{"start":{"line":90,"column":21},"end":{"line":102,"column":3}},"31":{"start":{"line":91,"column":4},"end":{"line":101,"column":5}},"32":{"start":{"line":92,"column":25},"end":{"line":95,"column":8}},"33":{"start":{"line":96,"column":6},"end":{"line":97,"column":65}},"34":{"start":{"line":97,"column":8},"end":{"line":97,"column":65}},"35":{"start":{"line":98,"column":6},"end":{"line":98,"column":34}},"36":{"start":{"line":100,"column":6},"end":{"line":100,"column":67}},"37":{"start":{"line":105,"column":17},"end":{"line":266,"column":3}},"38":{"start":{"line":107,"column":6},"end":{"line":112,"column":25}},"39":{"start":{"line":108,"column":32},"end":{"line":110,"column":9}},"40":{"start":{"line":109,"column":10},"end":{"line":109,"column":47}},"41":{"start":{"line":111,"column":8},"end":{"line":111,"column":42}},"42":{"start":{"line":112,"column":13},"end":{"line":112,"column":25}},"43":{"start":{"line":115,"column":4},"end":{"line":265,"column":5}},"44":{"start":{"line":116,"column":26},"end":{"line":116,"column":65}},"45":{"start":{"line":117,"column":6},"end":{"line":261,"column":7}},"46":{"start":{"line":119,"column":25},"end":{"line":119,"column":73}},"47":{"start":{"line":120,"column":25},"end":{"line":120,"column":69}},"48":{"start":{"line":121,"column":31},"end":{"line":125,"column":14}},"49":{"start":{"line":126,"column":24},"end":{"line":128,"column":13}},"50":{"start":{"line":129,"column":28},"end":{"line":131,"column":15}},"51":{"start":{"line":132,"column":27},"end":{"line":134,"column":13}},"52":{"start":{"line":135,"column":25},"end":{"line":137,"column":16}},"53":{"start":{"line":139,"column":10},"end":{"line":148,"column":23}},"54":{"start":{"line":150,"column":10},"end":{"line":159,"column":23}},"55":{"start":{"line":160,"column":20},"end":{"line":160,"column":33}},"56":{"start":{"line":161,"column":20},"end":{"line":161,"column":33}},"57":{"start":{"line":163,"column":10},"end":{"line":165,"column":23}},"58":{"start":{"line":168,"column":27},"end":{"line":168,"column":56}},"59":{"start":{"line":169,"column":8},"end":{"line":172,"column":9}},"60":{"start":{"line":170,"column":10},"end":{"line":171,"column":68}},"61":{"start":{"line":171,"column":12},"end":{"line":171,"column":68}},"62":{"start":{"line":175,"column":8},"end":{"line":185,"column":9}},"63":{"start":{"line":176,"column":10},"end":{"line":184,"column":13}},"64":{"start":{"line":177,"column":12},"end":{"line":183,"column":14}},"65":{"start":{"line":188,"column":19},"end":{"line":188,"column":44}},"66":{"start":{"line":189,"column":8},"end":{"line":198,"column":10}},"67":{"start":{"line":191,"column":12},"end":{"line":197,"column":34}},"68":{"start":{"line":199,"column":8},"end":{"line":246,"column":9}},"69":{"start":{"line":200,"column":24},"end":{"line":202,"column":19}},"70":{"start":{"line":203,"column":29},"end":{"line":210,"column":11}},"71":{"start":{"line":205,"column":14},"end":{"line":209,"column":36}},"72":{"start":{"line":211,"column":10},"end":{"line":232,"column":11}},"73":{"start":{"line":212,"column":12},"end":{"line":231,"column":13}},"74":{"start":{"line":213,"column":35},"end":{"line":217,"column":23}},"75":{"start":{"line":218,"column":14},"end":{"line":230,"column":15}},"76":{"start":{"line":219,"column":16},"end":{"line":223,"column":27}},"77":{"start":{"line":223,"column":18},"end":{"line":223,"column":27}},"78":{"start":{"line":224,"column":16},"end":{"line":229,"column":17}},"79":{"start":{"line":228,"column":18},"end":{"line":228,"column":38}},"80":{"start":{"line":233,"column":10},"end":{"line":233,"column":70}},"81":{"start":{"line":233,"column":55},"end":{"line":233,"column":68}},"82":{"start":{"line":234,"column":27},"end":{"line":234,"column":28}},"83":{"start":{"line":235,"column":32},"end":{"line":235,"column":36}},"84":{"start":{"line":236,"column":32},"end":{"line":236,"column":33}},"85":{"start":{"line":237,"column":10},"end":{"line":241,"column":11}},"86":{"start":{"line":238,"column":12},"end":{"line":238,"column":49}},"87":{"start":{"line":239,"column":12},"end":{"line":239,"column":75}},"88":{"start":{"line":239,"column":46},"end":{"line":239,"column":75}},"89":{"start":{"line":240,"column":12},"end":{"line":240,"column":75}},"90":{"start":{"line":240,"column":46},"end":{"line":240,"column":75}},"91":{"start":{"line":242,"column":10},"end":{"line":242,"column":62}},"92":{"start":{"line":243,"column":10},"end":{"line":243,"column":45}},"93":{"start":{"line":244,"column":10},"end":{"line":244,"column":45}},"94":{"start":{"line":245,"column":10},"end":{"line":245,"column":60}},"95":{"start":{"line":245,"column":39},"end":{"line":245,"column":60}},"96":{"start":{"line":247,"column":8},"end":{"line":251,"column":11}},"97":{"start":{"line":248,"column":24},"end":{"line":248,"column":37}},"98":{"start":{"line":249,"column":10},"end":{"line":249,"column":31}},"99":{"start":{"line":250,"column":10},"end":{"line":250,"column":23}},"100":{"start":{"line":253,"column":8},"end":{"line":255,"column":68}},"101":{"start":{"line":254,"column":10},"end":{"line":254,"column":75}},"102":{"start":{"line":255,"column":13},"end":{"line":255,"column":68}},"103":{"start":{"line":257,"column":8},"end":{"line":257,"column":32}},"104":{"start":{"line":259,"column":8},"end":{"line":259,"column":27}},"105":{"start":{"line":260,"column":8},"end":{"line":260,"column":60}},"106":{"start":{"line":263,"column":6},"end":{"line":263,"column":25}},"107":{"start":{"line":264,"column":6},"end":{"line":264,"column":60}},"108":{"start":{"line":269,"column":11},"end":{"line":289,"column":3}},"109":{"start":{"line":271,"column":29},"end":{"line":271,"column":62}},"110":{"start":{"line":272,"column":4},"end":{"line":274,"column":5}},"111":{"start":{"line":273,"column":6},"end":{"line":273,"column":77}},"112":{"start":{"line":277,"column":4},"end":{"line":288,"column":5}},"113":{"start":{"line":278,"column":22},"end":{"
[...]
lopment/sec33_Kojira/nontserver/routes/review.js","statementMap":{"0":{"start":{"line":3,"column":16},"end":{"line":3,"column":34}},"1":{"start":{"line":4,"column":15},"end":{"line":4,"column":31}},"2":{"start":{"line":5,"column":19},"end":{"line":5,"column":61}},"3":{"start":{"line":7,"column":0},"end":{"line":10,"column":36}},"4":{"start":{"line":12,"column":0},"end":{"line":13,"column":35}},"5":{"start":{"line":15,"column":0},"end":{"line":17,"column":42}},"6":{"start":{"line":19,"column":0},"end":{"line":21,"column":46}},"7":{"start":{"line":23,"column":0},"end":{"line":25,"column":44}},"8":{"start":{"line":27,"column":0},"end":{"line":29,"column":31}},"9":{"start":{"line":31,"column":0},"end":{"line":33,"column":39}},"10":{"start":{"line":35,"column":0},"end":{"line":35,"column":24}}},"fnMap":{},"branchMap":{},"s":{"0":1,"1":1,"2":1,"3":1,"4":1,"5":1,"6":1,"7":1,"8":1,"9":1,"10":1},"f":{},"b":{},"_coverageSchema":"1a1c01bbd47fc00a2c39e90264f33305004495a9","hash":"be12896862159598871129424d5bdb1c8766f35b","contentHash":"e3e5aee867a6d5267e767f4c510c68619b7248338d2baaa4cf1f310fd90b5901"},"/Users/sakonthephamongkhol/Desktop/workspace/web development/sec33_Kojira/nontserver/Controllers/ReviewController.js":{"path":"/Users/sakonthephamongkhol/Desktop/workspace/web development/sec33_Kojira/nontserver/Controllers/ReviewController.js","statementMap":{"0":{"start":{"line":2,"column":28},"end":{"line":2,"column":60}},"1":{"start":{"line":6,"column":4},"end":{"line":6,"column":12}},"2":{"start":{"line":7,"column":4},"end":{"line":7,"column":63}},"3":{"start":{"line":8,"column":4},"end":{"line":14,"column":7}},"4":{"start":{"line":15,"column":4},"end":{"line":19,"column":7}},"5":{"start":{"line":23,"column":15},"end":{"line":30,"column":3}},"6":{"start":{"line":24,"column":4},"end":{"line":29,"column":5}},"7":{"start":{"line":25,"column":25},"end":{"line":25,"column":49}},"8":{"start":{"line":26,"column":6},"end":{"line":26,"column":34}},"9":{"start":{"line":28,"column":6},"end":{"line":28,"column":59}},"10":{"start":{"line":31,"column":18},"end":{"line":38,"column":3}},"11":{"start":{"line":32,"column":4},"end":{"line":37,"column":5}},"12":{"start":{"line":33,"column":21},"end":{"line":33,"column":70}},"13":{"start":{"line":34,"column":6},"end":{"line":34,"column":30}},"14":{"start":{"line":36,"column":6},"end":{"line":36,"column":64}},"15":{"start":{"line":47,"column":11},"end":{"line":77,"column":3}},"16":{"start":{"line":48,"column":29},"end":{"line":48,"column":62}},"17":{"start":{"line":49,"column":4},"end":{"line":51,"column":5}},"18":{"start":{"line":50,"column":6},"end":{"line":50,"column":77}},"19":{"start":{"line":52,"column":4},"end":{"line":76,"column":5}},"20":{"start":{"line":53,"column":22},"end":{"line":55,"column":7}},"21":{"start":{"line":58,"column":28},"end":{"line":58,"column":83}},"22":{"start":{"line":59,"column":6},"end":{"line":68,"column":7}},"23":{"start":{"line":63,"column":8},"end":{"line":67,"column":12}},"24":{"start":{"line":70,"column":24},"end":{"line":70,"column":57}},"25":{"start":{"line":72,"column":28},"end":{"line":72,"column":83}},"26":{"start":{"line":73,"column":6},"end":{"line":73,"column":33}},"27":{"start":{"line":75,"column":6},"end":{"line":75,"column":58}},"28":{"start":{"line":80,"column":25},"end":{"line":89,"column":3}},"29":{"start":{"line":81,"column":4},"end":{"line":88,"column":5}},"30":{"start":{"line":82,"column":21},"end":{"line":84,"column":35}},"31":{"start":{"line":85,"column":6},"end":{"line":85,"column":30}},"32":{"start":{"line":87,"column":6},"end":{"line":87,"column":68}},"33":{"start":{"line":92,"column":29},"end":{"line":102,"column":3}},"34":{"start":{"line":93,"column":4},"end":{"line":101,"column":5}},"35":{"start":{"line":94,"column":21},"end":{"line":97,"column":31}},"36":{"start":{"line":98,"column":6},"end":{"line":98,"column":30}},"37":{"start":{"line":100,"column":6},"end":{"line":100,"column":72}},"38":{"start":{"line":105,"column":27},"end":{"line":115,"column":3}},"39":{"start":{"line":106,"column":4},"end":{"line":114,"column":5}},"40":{"start":{"line":107,"column":21},"end":{"line":110,"column":31}},"41":{"start":{"line":111,"column":6},"end":{"line":111,"column":30}},"42":{"start":{"line":113,"column":6},"end":{"line":113,"column":70}},"43":{"start":{"line":124,"column":17},"end":{"line":144,"column":3}},"44":{"start":{"line":125,"column":29},"end":{"line":125,"column":68}},"45":{"start":{"line":126,"column":4},"end":{"line":128,"column":5}},"46":{"start":{"line":127,"column":6},"end":{"line":127,"column":77}},"47":{"start":{"line":129,"column":4},"end":{"line":143,"column":5}},"48":{"start":{"line":130,"column":22},"end":{"line":132,"column":7}},"49":{"start":{"line":133,"column":24},"end":{"line":137,"column":7}},"50":{"start":{"line":139,"column":28},"end":{"line":139,"column":83}},"51":{"start":{"line":140,"column":6},"end":{"line":140,"column":33}},"52":{"start":{"line":142,"column":6},"end":{"line":142,"column":58}},"53":{"start":{"line":153,"column":11},"end":{"line":166,"column":3}},"54":{"start":{"line":154,"column":4},"end":{"line":165,"column":5}},"55":{"start":{"line":156,"column":24},"end":{"line":156,"column":65}},"56":{"start":{"line":158,"column":26},"end":{"line":158,"column":48}},"57":{"start":{"line":159,"column":27},"end":{"line":159,"column":67}},"58":{"start":{"line":161,"column":28},"end":{"line":161,"column":83}},"59":{"start":{"line":162,"column":6},"end":{"line":162,"column":36}},"60":{"start":{"line":164,"column":6},"end":{"line":164,"column":58}},"61":{"start":{"line":169,"column":22},"end":{"line":178,"column":3}},"62":{"start":{"line":170,"column":4},"end":{"line":177,"column":5}},"63":{"start":{"line":171,"column":23},"end":{"line":171,"column":45}},"64":{"start":{"line":172,"column":22},"end":{"line":172,"column":30}},"65":{"start":{"line":173,"column":28},"end":{"line":173,"column":74}},"66":{"start":{"line":174,"column":6},"end":{"line":174,"column":31}},"67":{"start":{"line":176,"column":6},"end":{"line":176,"column":77}},"68":{"start":{"line":181,"column":0},"end":{"line":181,"column":40}}},"fnMap":{"0":{"name":"(anonymous_0)","decl":{"start":{"line":5,"column":2},"end":{"line":5,"column":3}},"loc":{"start":{"line":5,"column":16},"end":{"line":20,"column":3}},"line":5},"1":{"name":"(anonymous_1)","decl":{"start":{"line":23,"column":15},"end":{"line":23,"column":16}},"loc":{"start":{"line":23,"column":35},"end":{"line":30,"column":3}},"line":23},"2":{"name":"(anonymous_2)","decl":{"start":{"line":31,"column":18},"end":{"line":31,"column":19}},"loc":{"start":{"line":31,"column":38},"end":{"line":38,"column":3}},"line":31},"3":{"name":"(anonymous_3)","decl":{"start":{"line":47,"column":11},"end":{"line":47,"column":12}},"loc":{"start":{"line":47,"column":31},"end":{"line":77,"column":3}},"line":47},"4":{"name":"(anonymous_4)","decl":{"start":{"line":80,"column":25},"end":{"line":80,"column":26}},"loc":{"start":{"line":80,"column":45},"end":{"line":89,"column":3}},"line":80},"5":{"name":"(anonymous_5)","decl":{"start":{"line":92,"column":29},"end":{"line":92,"column":30}},"loc":{"start":{"line":92,"column":49},"end":{"line":102,"column":3}},"line":92},"6":{"name":"(anonymous_6)","decl":{"start":{"line":105,"column":27},"end":{"line":105,"column":28}},"loc":{"start":{"line":105,"column":47},"end":{"line":115,"column":3}},"line":105},"7":{"name":"(anonymous_7)","decl":{"start":{"line":124,"column":17},"end":{"line":124,"column":18}},"loc":{"start":{"line":124,"column":37},"end":{"line":144,"column":3}},"line":124},"8":{"name":"(anonymous_8)","decl":{"start":{"line":153,"column":11},"end":{"line":153,"column":12}},"loc":{"start":{"line":153,"column":31},"end":{"line":166,"column":3}},"line":153},"9":{"name":"(anonymous_9)","decl":{"start":{"line":169,"column":22},"end":{"line":169,"column":23}},"loc":{"start":{"line":169,"column":42},"end":{"line":178,"column":3}},"line":169}},"branchMap":{"0":{"loc":{"start":{"line":49,"column":4},"end":{"line":51,"column":5}},"type":"if","locations":[{"start":{"line":49,"column":4},"end":{"line":51,"column":5}},{"start":{"line":49,"column":4},"end":{"line":51,"column":5}}],"line":49},"1":{"loc":{"start":{"line":59,"column":6},"end":{"line":68,"column":7}},"type":"if","locations":[{"start":{"line":59,"column":6},"end":{"line":68,"column":7}},{"start":{"line":59,"column":6},"end":{"line":68,"column":7}}],"line":59},"2":{"loc":{"start":{"line":60,"column":8},"end":{"line":61,"column":60}},"type":"binary-expr","locations":[{"start":{"line":60,"column":8},"end":{"line":60,"column":64}},{"start":{"line":61,"column":8},"end":{"line":61,"column":60}}],"line":60},"3":{"loc":{"start":{"line":126,"column":4},"end":{"line":128,"column":5}},"type":"if","locations":[{"start":{"line":126,"column":4},"end":{"line":128,"column":5}},{"start":{"line":126,"column":4},"end":{"line":128,"column":5}}],"line":126}},"s":{"0":1,"1":1,"2":1,"3":1,"4":1,"5":1,"6":0,"7":0,"8":0,"9":0,"10":1,"11":0,"12":0,"13":0,"14":0,"15":1,"16":0,"17":0,"18":0,"19":0,"20":0,"21":0,"22":0,"23":0,"24":0,"25":0,"26":0,"27":0,"28":1,"29":0,"30":0,"31":0,"32":0,"33":1,"34":0,"35":0,"36":0,"37":0,"38":1,"39":0,"40":0,"41":0,"42":0,"43":1,"44":0,"45":0,"46":0,"47":0,"48":0,"49":0,"50":0,"51":0,"52":0,"53":1,"54":0,"55":0,"56":0,"57":0,"58":0,"59":0,"60":0,"61":1,"62":0,"63":0,"64":0,"65":0,"66":0,"67":0,"68":1},"f":{"0":1,"1":0,"2":0,"3":0,"4":0,"5":0,"6":0,"7":0,"8":0,"9":0},"b":{"0":[0,0],"1":[0,0],"2":[0,0],"3":[0,0]},"_coverageSchema":"1a1c01bbd47fc00a2c39e90264f33305004495a9","hash":"89556aca4777b2f23d61998b680e5b8365d8c704","contentHash":"418eaec7d82ec800db950863d1f69c4459a2d84f835ad3b29b221d2c8a05bb21"},"/Users/sakonthephamongkhol/Desktop/workspace/web development/sec33_Kojira/nontserver/routes/admin.js":{"path":"/Users/sakonthephamongkhol/Desktop/workspace/web development/sec33_Kojira/nontserver/routes/admin.js","statementMap":{"0":{"start":{"line":3,"column":16},"end":{"line":3,"column":34}},"1":{"start":{"line":4,"column":15},"end":{"line":4,"column":31}},"2":{"start":{"line":5,"column":24},"end":{"line":5,"column":65}},"3":{"start":{"line":6,"column":20},"end":{"line":6,"column":52}},"4":{"start":{"line":7,"column":13},"end":{"line":7,"column":28}},"5":{"start":{"line":9,"column":0},"end":{"line":9,"column":70}},"6":{"start":{"line":11,"column":0},"end":{"line":11,"column":55}},"7":{"start":{"line":15,"column":0},"end":{"line":15,"column":24}}},"fnMap":{},"branchMap":{},"s":{"0":1,"1":1,"2":1,"3":1,"4":1,"5":1,"6":1,"7":1},"f":{},"b":{},"_coverageSchema":"1a1c01bbd47fc00a2c39e90264f33305004495a9","hash":"a924edc796646a99bd25ae68decc998796c02503","contentHash":"f11ce2ab3bb89d8cb89be15cb5a55c85879045ed4d9eef8011a630f129717e10"},"/Users/sakonthephamongkhol/Desktop/workspace/web development/sec33_Kojira/nontserver/Controllers/AdminController.js":{"path":"/Users/sakonthephamongkhol/Desktop/workspace/web development/sec33_Kojira/nontserver/Controllers/AdminController.js","statementMap":{"0":{"start":{"line":3,"column":14},"end":{"line":3,"column":40}},"1":{"start":{"line":4,"column":24},"end":{"line":4,"column":52}},"2":{"start":{"line":5,"column":15},"end":{"line":5,"column":34}},"3":{"start":{"line":6,"column":12},"end":{"line":6,"column":26}},"4":{"start":{"line":8,"column":15},"end":{"line":13,"column":1}},"5":{"start":{"line":15,"column":18},"end":{"line":15,"column":36}},"6":{"start":{"line":17,"column":32},"end":{"line":17,"column":34}},"7":{"start":{"line":19,"column":19},"end":{"line":85,"column":1}},"8":{"start":{"line":22,"column":4},"end":{"line":22,"column":49}},"9":{"start":{"line":30,"column":19},"end":{"line":30,"column":65}},"10":{"start":{"line":31,"column":4},"end":{"line":33,"column":5}},"11":{"start":{"line":32,"column":6},"end":{"line":32,"column":19}},"12":{"start":{"line":34,"column":4},"end":{"line":34,"column":16}},"13":{"start":{"line":39,"column":29},"end":{"line":39,"column":57}},"14":{"start":{"line":40,"column":4},"end":{"line":47,"column":5}},"15":{"start":{"line":41,"column":6},"end":{"line":41,"column":27}},"16":{"start":{"line":42,"column":6},"end":{"line":45,"column":9}},"17":{"start":{"line":46,"column":6},"end":{"line":46,"column":13}},"18":{"start":{"line":49,"column":6},"end":{"line":49,"column":68}},"19":{"start":{"line":50,"column":4},"end":{"line":83,"column":5}},"20":{"start":{"line":51,"column":28},"end":{"line":54,"column":7}},"21":{"start":{"line":55,"column":25},"end":{"line":55,"column":67}},"22":{"start":{"line":56,"column":6},"end":{"line":80,"column":7}},"23":{"start":{"line":57,"column":31},"end":{"line":60,"column":9}},"24":{"start":{"line":61,"column":25},"end":{"line":65,"column":10}},"25":{"start":{"line":66,"column":8},"end":{"line":66,"column":27}},"26":{"start":{"line":68,"column":8},"end":{"line":79,"column":9}},"27":{"start":{"line":69,"column":10},"end":{"line":69,"column":31}},"28":{"start":{"line":70,"column":10},"end":{"line":70,"column":70}},"29":{"start":{"line":71,"column":15},"end":{"line":79,"column":9}},"30":{"start":{"line":72,"column":10},"end":{"line":72,"column":31}},"31":{"start":{"line":73,"column":10},"end":{"line":73,"column":75}},"32":{"start":{"line":75,"column":10},"end":{"line":75,"column":31}},"33":{"start":{"line":76,"column":10},"end":{"line":78,"column":13}},"34":{"start":{"line":82,"column":6},"end":{"line":82,"column":26}},"35":{"start":{"line":87,"column":0},"end":{"line":87,"column":28}}},"fnMap":{"0":{"name":"(anonymous_0)","decl":{"start":{"line":21,"column":9},"end":{"line":21,"column":10}},"loc":{"start":{"line":21,"column":29},"end":{"line":23,"column":3}},"line":21},"1":{"name":"(anonymous_1)","decl":{"start":{"line":29,"column":19},"end":{"line":29,"column":20}},"loc":{"start":{"line":29,"column":39},"end":{"line":35,"column":3}},"line":29},"2":{"name":"(anonymous_2)","decl":{"start":{"line":38,"column":12},"end":{"line":38,"column":13}},"loc":{"start":{"line":38,"column":32},"end":{"line":84,"column":3}},"line":38}},"branchMap":{"0":{"loc":{"start":{"line":31,"column":4},"end":{"line":33,"column":5}},"type":"if","locations":[{"start":{"line":31,"column":4},"end":{"line":33,"column":5}},{"start":{"line":31,"column":4},"end":{"line":33,"column":5}}],"line":31},"1":{"loc":{"start":{"line":40,"column":4},"end":{"line":47,"column":5}},"type":"if","locations":[{"start":{"line":40,"column":4},"end":{"line":47,"column":5}},{"start":{"line":40,"column":4},"end":{"line":47,"column":5}}],"line":40},"2":{"loc":{"start":{"line":56,"column":6},"end":{"line":80,"column":7}},"type":"if","locations":[{"start":{"line":56,"column":6},"end":{"line":80,"column":7}},{"start":{"line":56,"column":6},"end":{"line":80,"column":7}}],"line":56},"3":{"loc":{"start":{"line":56,"column":10},"end":{"line":56,"column":70}},"type":"binary-expr","locations":[{"start":{"line":56,"column":10},"end":{"line":56,"column":23}},{"start":{"line":56,"column":27},"end":{"line":56,"column":37}},{"start":{"line":56,"column":41},"end":{"line":56,"column":70}}],"line":56},"4":{"loc":{"start":{"line":68,"column":8},"end":{"line":79,"column":9}},"type":"if","locations":[{"start":{"line":68,"column":8},"end":{"line":79,"column":9}},{"start":{"line":68,"column":8},"end":{"line":79,"column":9}}],"line":68},"5":{"loc":{"start":{"line":71,"column":15},"end":{"line":79,"column":9}},"type":"if","locations":[{"start":{"line":71,"column":15},"end":{"line":79,"column":9}},{"start":{"line":71,"column":15},"end":{"line":79,"column":9}}],"line":71}},"s":{"0":1,"1":1,"2":1,"3":1,"4":1,"5":1,"6":1,"7":1,"8":1,"9":2,"10":2,"11":0,"12":2,"13":4,"14":4,"15":2,"16":2,"17":2,"18":2,"19":2,"20":2,"21":2,"22":2,"23":1,"24":1,"25":1,"26":1,"27":1,"28":1,"29":0,"30":0,"31":0,"32":0,"33":0,"34":0,"35":1},"f":{"0":1,"1":2,"2":4},"b":{"0":[0,2],"1":[2,2],"2":[1,1],"3":[2,1,1],"4":[1,0],"5":[0,0]},"_coverageSchema":"1a1c01bbd47fc00a2c39e90264f33305004495a9","hash":"f7567f681db24f7c28745572498a0efa48d076ed","contentHash":"83c4bda44f841bad8e489094adbb7f8481f228775bcc39743f83d3e11c879fd2"},"/Users/sakonthephamongkhol/Desktop/workspace/web development/sec33_Kojira/nontserver/routes/users.js":{"path":"/Users/sakonthephamongkhol/Desktop/workspace/web development/sec33_Kojira/nontserver/routes/users.js","statementMap":{"0":{"start":{"line":1,"column":14},"end":{"line":1,"column":32}},"1":{"start":{"line":2,"column":13},"end":{"line":2,"column":29}},"2":{"start":{"line":3,"column":29},"end":{"line":3,"column":84}},"3":{"start":{"line":6,"column":0},"end":{"line":8,"column":3}},"4":{"start":{"line":7,"column":2},"end":{"line":7,"column":38}},"5":{"start":{"line":11,"column":0},"end":{"line":21,"column":3}},"6":{"start":{"line":12,"column":2},"end":{"line":20,"column":5}},"7":{"start":{"line":23,"column":0},"end":{"line":23,"column":24}}},"fnMap":{"0":{"name":"(anonymous_0)","decl":{"start":{"line":6,"column":16},"end":{"line":6,"column":17}},"loc":{"start":{"line":6,"column":42},"end":{"line":8,"column":1}},"line":6},"1":{"name":"(anonymous_1)","decl":{"start":{"line":11,"column":43},"end":{"line":11,"column":44}},"loc":{"start":{"line":11,"column":69},"end":{"line":21,"column":1}},"line":11}},"branchMap":{},"s":{"0":1,"1":1,"2":1,"3":1,"4":0,"5":1,"6":3,"7":1},"f":{"0":0,"1":3},"b":{},"_coverageSchema":"1a1c01bbd47fc00a2c39e90264f33305004495a9","hash":"8aee1796da1e3438b41ad1b56da652012f9f9c52","contentHash":"e3e45f20293b589ffb67b842809d52d0ceafa72f1313d6ee6539d99ec433b1af"},"/Users/sakonthephamongkhol/Desktop/workspace/web development/sec33_Kojira/nontserver/Middlewares/JsonWebToken/JwtAuthenticator.js":{"path":"/Users/sakonthephamongkhol/Desktop/workspace/web development/sec33_Kojira/nontserver/Middlewares/JsonWebToken/JwtAuthenticator.js","statementMap":{"0":{"start":{"line":1,"column":12},"end":{"line":1,"column":35}},"1":{"start":{"line":2,"column":15},"end":{"line":2,"column":32}},"2":{"start":{"line":4,"column":15},"end":{"line":4,"column":39}},"3":{"start":{"line":8,"column":21},"end":{"line":8,"column":49}},"4":{"start":{"line":9,"column":16},"end":{"line":9,"column":54}},"5":{"start":{"line":10,"column":2},"end":{"line":12,"column":3}},"6":{"start":{"line":11,"column":4},"end":{"line":11,"column":31}},"7":{"start":{"line":14,"column":2},"end":{"line":22,"column":5}},"8":{"start":{"line":15,"column":4},"end":{"line":21,"column":5}},"9":{"start":{"line":17,"column":6},"end":{"line":17,"column":26}},"10":{"start":{"line":19,"column":6},"end":{"line":19,"column":22}},"11":{"start":{"line":20,"column":6},"end":{"line":20,"column":13}},"12":{"start":{"line":25,"column":0},"end":{"line":25,"column":38}}},"fnMap":{"0":{"name":"authenticateJWTToken","decl":{"start":{"line":6,"column":9},"end":{"line":6,"column":29}},"loc":{"start":{"line":6,"column":46},"end":{"line":23,"column":1}},"line":6},"1":{"name":"(anonymous_1)","decl":{"start":{"line":14,"column":28},"end":{"line":14,"column":29}},"loc":{"start":{"line":14,"column":43},"end":{"line":22,"column":3}},"line":14}},"branchMap":{"0":{"loc":{"start":{"line":9,"column":16},"end":{"line":9,"column":54}},"type":"binary-expr","locations":[{"start":{"line":9,"column":16},"end":{"line":9,"column":26}},{"start":{"line":9,"column":30},"end":{"line":9,"column":54}}],"line":9},"1":{"loc":{"start":{"line":10,"column":2},"end":{"line":12,"column":3}},"type":"if","locations":[{"start":{"line":10,"column":2},"end":{"line":12,"column":3}},{"start":{"line":10,"column":2},"end":{"line":12,"column":3}}],"line":10},"2":{"loc":{"start":{"line":15,"column":4},"end":{"line":21,"column":5}},"type":"if","locations":[{"start":{"line":15,"column":4},"end":{"line":21,"column":5}},{"start":{"line":15,"column":4},"end":{"line":21,"column":5}}],"line":15}},"s":{"0":1,"1":1,"2":1,"3":4,"4":4,"5":4,"6":1,"7":3,"8":3,"9":0,"10":3,"11":3,"12":1},"f":{"0":4,"1":3},"b":{"0":[4,3],"1":[1,3],"2":[0,3]},"_coverageSchema":"1a1c01bbd47fc00a2c39e90264f33305004495a9","hash":"381e1a6f785346790c021fa5c124e1f5f044c67e","contentHash":"344012006e5a47ba27024eaacf3d8be73eecc0fba676c1566049cefb7edbfee9"}}